Info: Starting: Create simulation model
Info: qsys-generate C:\Users\albac\Downloads\DE1_SoC_CAMERA_with_BRAM\bram.qsys --simulation=VERILOG --allow-mixed-language-simulation --output-directory=C:\Users\albac\Downloads\DE1_SoC_CAMERA_with_BRAM\bram\simulation --family="Cyclone V" --part=5CSEMA5F31C6
Progress: Loading DE1_SoC_CAMERA_with_BRAM/bram.qsys
Progress: Reading input file
Progress: Adding clk_0 [clock_source 18.0]
Progress: Parameterizing module clk_0
Progress: Adding onchip_memory2_0 [altera_avalon_onchip_memory2 18.0]
Progress: Parameterizing module onchip_memory2_0
Progress: Adding onchip_memory2_1 [altera_avalon_onchip_memory2 18.0]
Progress: Parameterizing module onchip_memory2_1
Progress: Building connections
Progress: Parameterizing connections
Progress: Validating
Progress: Done reading input file
Info: bram: Generating bram "bram" for SIM_VERILOG
Info: onchip_memory2_0: Starting RTL generation for module 'bram_onchip_memory2_0'
Info: onchip_memory2_0:   Generation command is [exec C:/intelfpga_lite/18.0/quartus/bin64/perl/bin/perl.exe -I C:/intelfpga_lite/18.0/quartus/bin64/perl/lib -I C:/intelfpga_lite/18.0/quartus/sopc_builder/bin/europa -I C:/intelfpga_lite/18.0/quartus/sopc_builder/bin/perl_lib -I C:/intelfpga_lite/18.0/quartus/sopc_builder/bin -I C:/intelfpga_lite/18.0/quartus/../ip/altera/sopc_builder_ip/common -I C:/intelfpga_lite/18.0/quartus/../ip/altera/sopc_builder_ip/altera_avalon_onchip_memory2 -- C:/intelfpga_lite/18.0/quartus/../ip/altera/sopc_builder_ip/altera_avalon_onchip_memory2/generate_rtl.pl --name=bram_onchip_memory2_0 --dir=C:/Users/albac/AppData/Local/Temp/alt0191_2847264609013827082.dir/0002_onchip_memory2_0_gen/ --quartus_dir=C:/intelfpga_lite/18.0/quartus --verilog --config=C:/Users/albac/AppData/Local/Temp/alt0191_2847264609013827082.dir/0002_onchip_memory2_0_gen//bram_onchip_memory2_0_component_configuration.pl  --do_build_sim=1    --sim_dir=C:/Users/albac/AppData/Local/Temp/alt0191_2847264609013827082.dir/0002_onchip_memory2_0_gen/  ]
Info: onchip_memory2_0: Done RTL generation for module 'bram_onchip_memory2_0'
Info: onchip_memory2_0: "bram" instantiated altera_avalon_onchip_memory2 "onchip_memory2_0"
Info: onchip_memory2_1: Starting RTL generation for module 'bram_onchip_memory2_1'
Info: onchip_memory2_1:   Generation command is [exec C:/intelfpga_lite/18.0/quartus/bin64/perl/bin/perl.exe -I C:/intelfpga_lite/18.0/quartus/bin64/perl/lib -I C:/intelfpga_lite/18.0/quartus/sopc_builder/bin/europa -I C:/intelfpga_lite/18.0/quartus/sopc_builder/bin/perl_lib -I C:/intelfpga_lite/18.0/quartus/sopc_builder/bin -I C:/intelfpga_lite/18.0/quartus/../ip/altera/sopc_builder_ip/common -I C:/intelfpga_lite/18.0/quartus/../ip/altera/sopc_builder_ip/altera_avalon_onchip_memory2 -- C:/intelfpga_lite/18.0/quartus/../ip/altera/sopc_builder_ip/altera_avalon_onchip_memory2/generate_rtl.pl --name=bram_onchip_memory2_1 --dir=C:/Users/albac/AppData/Local/Temp/alt0191_2847264609013827082.dir/0003_onchip_memory2_1_gen/ --quartus_dir=C:/intelfpga_lite/18.0/quartus --verilog --config=C:/Users/albac/AppData/Local/Temp/alt0191_2847264609013827082.dir/0003_onchip_memory2_1_gen//bram_onchip_memory2_1_component_configuration.pl  --do_build_sim=1    --sim_dir=C:/Users/albac/AppData/Local/Temp/alt0191_2847264609013827082.dir/0003_onchip_memory2_1_gen/  ]
Info: onchip_memory2_1: Done RTL generation for module 'bram_onchip_memory2_1'
Info: onchip_memory2_1: "bram" instantiated altera_avalon_onchip_memory2 "onchip_memory2_1"
Info: rst_controller: "bram" instantiated altera_reset_controller "rst_controller"
Info: bram: Done "bram" with 4 modules, 6 files
Info: qsys-generate succeeded.
Info: Finished: Create simulation model
Info: Starting: Create Modelsim Project.
Info: sim-script-gen --spd=C:\Users\albac\Downloads\DE1_SoC_CAMERA_with_BRAM\bram\bram.spd --output-directory=C:/Users/albac/Downloads/DE1_SoC_CAMERA_with_BRAM/bram/simulation/ --use-relative-paths=true
Info: Doing: ip-make-simscript --spd=C:\Users\albac\Downloads\DE1_SoC_CAMERA_with_BRAM\bram\bram.spd --output-directory=C:/Users/albac/Downloads/DE1_SoC_CAMERA_with_BRAM/bram/simulation/ --use-relative-paths=true
Info: Generating the following file(s) for MODELSIM simulator in C:/Users/albac/Downloads/DE1_SoC_CAMERA_with_BRAM/bram/simulation/ directory:
Info: 	mentor/msim_setup.tcl
Info: Generating the following file(s) for VCS simulator in C:/Users/albac/Downloads/DE1_SoC_CAMERA_with_BRAM/bram/simulation/ directory:
Info: 	synopsys/vcs/vcs_setup.sh
Info: Generating the following file(s) for VCSMX simulator in C:/Users/albac/Downloads/DE1_SoC_CAMERA_with_BRAM/bram/simulation/ directory:
Info: 	synopsys/vcsmx/synopsys_sim.setup
Info: 	synopsys/vcsmx/vcsmx_setup.sh
Info: Generating the following file(s) for NCSIM simulator in C:/Users/albac/Downloads/DE1_SoC_CAMERA_with_BRAM/bram/simulation/ directory:
Info: 	cadence/cds.lib
Info: 	cadence/hdl.var
Info: 	cadence/ncsim_setup.sh
Info: 	3 .cds.lib files in cadence/cds_libs/ directory
Info: Generating the following file(s) for RIVIERA simulator in C:/Users/albac/Downloads/DE1_SoC_CAMERA_with_BRAM/bram/simulation/ directory:
Info: 	aldec/rivierapro_setup.tcl
Info: For information on how to simulate your IP, see the explanatory comments in the simulator-specific subdirectories under C:/Users/albac/Downloads/DE1_SoC_CAMERA_with_BRAM/bram/simulation/.
Info: Regenerate these scripts whenever you make any change to any Quartus-generated IP in your project.
Info: Finished: Create Modelsim Project.
Info: Starting: Create block symbol file (.bsf)
Info: qsys-generate C:\Users\albac\Downloads\DE1_SoC_CAMERA_with_BRAM\bram.qsys --block-symbol-file --output-directory=C:\Users\albac\Downloads\DE1_SoC_CAMERA_with_BRAM\bram --family="Cyclone V" --part=5CSEMA5F31C6
Progress: Loading DE1_SoC_CAMERA_with_BRAM/bram.qsys
Progress: Reading input file
Progress: Adding clk_0 [clock_source 18.0]
Progress: Parameterizing module clk_0
Progress: Adding onchip_memory2_0 [altera_avalon_onchip_memory2 18.0]
Progress: Parameterizing module onchip_memory2_0
Progress: Adding onchip_memory2_1 [altera_avalon_onchip_memory2 18.0]
Progress: Parameterizing module onchip_memory2_1
Progress: Building connections
Progress: Parameterizing connections
Progress: Validating
Progress: Done reading input file
Info: qsys-generate succeeded.
Info: Finished: Create block symbol file (.bsf)
Info: 
Info: Starting: Create HDL design files for synthesis
Info: qsys-generate C:\Users\albac\Downloads\DE1_SoC_CAMERA_with_BRAM\bram.qsys --synthesis=VERILOG --output-directory=C:\Users\albac\Downloads\DE1_SoC_CAMERA_with_BRAM\bram\synthesis --family="Cyclone V" --part=5CSEMA5F31C6
Progress: Loading DE1_SoC_CAMERA_with_BRAM/bram.qsys
Progress: Reading input file
Progress: Adding clk_0 [clock_source 18.0]
Progress: Parameterizing module clk_0
Progress: Adding onchip_memory2_0 [altera_avalon_onchip_memory2 18.0]
Progress: Parameterizing module onchip_memory2_0
Progress: Adding onchip_memory2_1 [altera_avalon_onchip_memory2 18.0]
Progress: Parameterizing module onchip_memory2_1
Progress: Building connections
Progress: Parameterizing connections
Progress: Validating
Progress: Done reading input file
Info: bram: Generating bram "bram" for QUARTUS_SYNTH
Info: onchip_memory2_0: Starting RTL generation for module 'bram_onchip_memory2_0'
Info: onchip_memory2_0:   Generation command is [exec C:/intelfpga_lite/18.0/quartus/bin64/perl/bin/perl.exe -I C:/intelfpga_lite/18.0/quartus/bin64/perl/lib -I C:/intelfpga_lite/18.0/quartus/sopc_builder/bin/europa -I C:/intelfpga_lite/18.0/quartus/sopc_builder/bin/perl_lib -I C:/intelfpga_lite/18.0/quartus/sopc_builder/bin -I C:/intelfpga_lite/18.0/quartus/../ip/altera/sopc_builder_ip/common -I C:/intelfpga_lite/18.0/quartus/../ip/altera/sopc_builder_ip/altera_avalon_onchip_memory2 -- C:/intelfpga_lite/18.0/quartus/../ip/altera/sopc_builder_ip/altera_avalon_onchip_memory2/generate_rtl.pl --name=bram_onchip_memory2_0 --dir=C:/Users/albac/AppData/Local/Temp/alt0191_2847264609013827082.dir/0006_onchip_memory2_0_gen/ --quartus_dir=C:/intelfpga_lite/18.0/quartus --verilog --config=C:/Users/albac/AppData/Local/Temp/alt0191_2847264609013827082.dir/0006_onchip_memory2_0_gen//bram_onchip_memory2_0_component_configuration.pl  --do_build_sim=0  ]
Info: onchip_memory2_0: Done RTL generation for module 'bram_onchip_memory2_0'
Info: onchip_memory2_0: "bram" instantiated altera_avalon_onchip_memory2 "onchip_memory2_0"
Info: onchip_memory2_1: Starting RTL generation for module 'bram_onchip_memory2_1'
Info: onchip_memory2_1:   Generation command is [exec C:/intelfpga_lite/18.0/quartus/bin64/perl/bin/perl.exe -I C:/intelfpga_lite/18.0/quartus/bin64/perl/lib -I C:/intelfpga_lite/18.0/quartus/sopc_builder/bin/europa -I C:/intelfpga_lite/18.0/quartus/sopc_builder/bin/perl_lib -I C:/intelfpga_lite/18.0/quartus/sopc_builder/bin -I C:/intelfpga_lite/18.0/quartus/../ip/altera/sopc_builder_ip/common -I C:/intelfpga_lite/18.0/quartus/../ip/altera/sopc_builder_ip/altera_avalon_onchip_memory2 -- C:/intelfpga_lite/18.0/quartus/../ip/altera/sopc_builder_ip/altera_avalon_onchip_memory2/generate_rtl.pl --name=bram_onchip_memory2_1 --dir=C:/Users/albac/AppData/Local/Temp/alt0191_2847264609013827082.dir/0007_onchip_memory2_1_gen/ --quartus_dir=C:/intelfpga_lite/18.0/quartus --verilog --config=C:/Users/albac/AppData/Local/Temp/alt0191_2847264609013827082.dir/0007_onchip_memory2_1_gen//bram_onchip_memory2_1_component_configuration.pl  --do_build_sim=0  ]
Info: onchip_memory2_1: Done RTL generation for module 'bram_onchip_memory2_1'
Info: onchip_memory2_1: "bram" instantiated altera_avalon_onchip_memory2 "onchip_memory2_1"
Info: rst_controller: "bram" instantiated altera_reset_controller "rst_controller"
Info: bram: Done "bram" with 4 modules, 6 files
Info: qsys-generate succeeded.
Info: Finished: Create HDL design files for synthesis
