INUM:        0 PC: 0x0000
INUM:        1 PC: 0x0001
INUM:        2 PC: 0x0002
INUM:        3 PC: 0x0003 REG: 1 VALUE: 0x12345000
INUM:        4 PC: 0x0004 REG: 1 VALUE: 0x12345000
INUM:        5 PC: 0x0005 REG: 2 VALUE: 0x54321000
INUM:        6 PC: 0x0006 REG: 3 VALUE: 0x66666000
INUM:        7 PC: 0x0007 REG: x VALUE: 0xxxxx
INUM:        8 PC: 0x0008 REG: x VALUE: 0xxxxx
INUM:        9 PC: 0x0009 REG: x VALUE: 0xxxxx
INUM:       10 PC: 0x000a REG: x VALUE: 0xxxxx
INUM:       11 PC: 0x000b REG: x VALUE: 0xxxxx
INUM:       12 PC: 0x000c REG: x VALUE: 0xxxxx
INUM:       13 PC: 0x000d REG: x VALUE: 0xxxxx
INUM:       14 PC: 0x000e REG: x VALUE: 0xxxxx
INUM:       15 PC: 0x000f REG: x VALUE: 0xxxxx
INUM:       16 PC: 0x0010 REG: x VALUE: 0xxxxx
INUM:       17 PC: 0x0011 REG: x VALUE: 0xxxxx
INUM:       18 PC: 0x0012 REG: x VALUE: 0xxxxx
INUM:       19 PC: 0x0013 REG: x VALUE: 0xxxxx
INUM:       20 PC: 0x0014 REG: x VALUE: 0xxxxx
INUM:       21 PC: 0x0015 REG: x VALUE: 0xxxxx
INUM:       22 PC: 0x0016 REG: x VALUE: 0xxxxx
INUM:       23 PC: 0x0017 REG: x VALUE: 0xxxxx
INUM:       24 PC: 0x0018 REG: x VALUE: 0xxxxx
INUM:       25 PC: 0x0019 REG: x VALUE: 0xxxxx
INUM:       26 PC: 0x001a REG: x VALUE: 0xxxxx
INUM:       27 PC: 0x001b REG: x VALUE: 0xxxxx
INUM:       28 PC: 0x001c REG: x VALUE: 0xxxxx
INUM:       29 PC: 0x001d REG: x VALUE: 0xxxxx
INUM:       30 PC: 0x001e REG: x VALUE: 0xxxxx
INUM:       31 PC: 0x001f REG: x VALUE: 0xxxxx
INUM:       32 PC: 0x0020 REG: x VALUE: 0xxxxx
INUM:       33 PC: 0x0021 REG: x VALUE: 0xxxxx
INUM:       34 PC: 0x0022 REG: x VALUE: 0xxxxx
INUM:       35 PC: 0x0023 REG: x VALUE: 0xxxxx
INUM:       36 PC: 0x0024 REG: x VALUE: 0xxxxx
INUM:       37 PC: 0x0025 REG: x VALUE: 0xxxxx
INUM:       38 PC: 0x0026 REG: x VALUE: 0xxxxx
INUM:       39 PC: 0x0027 REG: x VALUE: 0xxxxx
INUM:       40 PC: 0x0028 REG: x VALUE: 0xxxxx
INUM:       41 PC: 0x0029 REG: x VALUE: 0xxxxx
INUM:       42 PC: 0x002a REG: x VALUE: 0xxxxx
INUM:       43 PC: 0x002b REG: x VALUE: 0xxxxx
INUM:       44 PC: 0x002c REG: x VALUE: 0xxxxx
INUM:       45 PC: 0x002d REG: x VALUE: 0xxxxx
INUM:       46 PC: 0x002e REG: x VALUE: 0xxxxx
INUM:       47 PC: 0x002f REG: x VALUE: 0xxxxx
INUM:       48 PC: 0x0030 REG: x VALUE: 0xxxxx
INUM:       49 PC: 0x0031 REG: x VALUE: 0xxxxx
INUM:       50 PC: 0x0032 REG: x VALUE: 0xxxxx
INUM:       51 PC: 0x0033 REG: x VALUE: 0xxxxx
INUM:       52 PC: 0x0034 REG: x VALUE: 0xxxxx
INUM:       53 PC: 0x0035 REG: x VALUE: 0xxxxx
INUM:       54 PC: 0x0036 REG: x VALUE: 0xxxxx
INUM:       55 PC: 0x0037 REG: x VALUE: 0xxxxx
INUM:       56 PC: 0x0038 REG: x VALUE: 0xxxxx
INUM:       57 PC: 0x0039 REG: x VALUE: 0xxxxx
INUM:       58 PC: 0x003a REG: x VALUE: 0xxxxx
INUM:       59 PC: 0x003b REG: x VALUE: 0xxxxx
INUM:       60 PC: 0x003c REG: x VALUE: 0xxxxx
INUM:       61 PC: 0x003d REG: x VALUE: 0xxxxx
INUM:       62 PC: 0x003e REG: x VALUE: 0xxxxx
INUM:       63 PC: 0x003f REG: x VALUE: 0xxxxx
INUM:       64 PC: 0x0040 REG: x VALUE: 0xxxxx
INUM:       65 PC: 0x0041 REG: x VALUE: 0xxxxx
INUM:       66 PC: 0x0042 REG: x VALUE: 0xxxxx
INUM:       67 PC: 0x0043 REG: x VALUE: 0xxxxx
INUM:       68 PC: 0x0044 REG: x VALUE: 0xxxxx
INUM:       69 PC: 0x0045 REG: x VALUE: 0xxxxx
INUM:       70 PC: 0x0046 REG: x VALUE: 0xxxxx
INUM:       71 PC: 0x0047 REG: x VALUE: 0xxxxx
INUM:       72 PC: 0x0048 REG: x VALUE: 0xxxxx
INUM:       73 PC: 0x0049 REG: x VALUE: 0xxxxx
INUM:       74 PC: 0x004a REG: x VALUE: 0xxxxx
INUM:       75 PC: 0x004b REG: x VALUE: 0xxxxx
INUM:       76 PC: 0x004c REG: x VALUE: 0xxxxx
INUM:       77 PC: 0x004d REG: x VALUE: 0xxxxx
INUM:       78 PC: 0x004e REG: x VALUE: 0xxxxx
INUM:       79 PC: 0x004f REG: x VALUE: 0xxxxx
INUM:       80 PC: 0x0050 REG: x VALUE: 0xxxxx
INUM:       81 PC: 0x0051 REG: x VALUE: 0xxxxx
INUM:       82 PC: 0x0052 REG: x VALUE: 0xxxxx
INUM:       83 PC: 0x0053 REG: x VALUE: 0xxxxx
INUM:       84 PC: 0x0054 REG: x VALUE: 0xxxxx
INUM:       85 PC: 0x0055 REG: x VALUE: 0xxxxx
INUM:       86 PC: 0x0056 REG: x VALUE: 0xxxxx
INUM:       87 PC: 0x0057 REG: x VALUE: 0xxxxx
INUM:       88 PC: 0x0058 REG: x VALUE: 0xxxxx
INUM:       89 PC: 0x0059 REG: x VALUE: 0xxxxx
INUM:       90 PC: 0x005a REG: x VALUE: 0xxxxx
INUM:       91 PC: 0x005b REG: x VALUE: 0xxxxx
INUM:       92 PC: 0x005c REG: x VALUE: 0xxxxx
INUM:       93 PC: 0x005d REG: x VALUE: 0xxxxx
INUM:       94 PC: 0x005e REG: x VALUE: 0xxxxx
INUM:       95 PC: 0x005f REG: x VALUE: 0xxxxx
INUM:       96 PC: 0x0060 REG: x VALUE: 0xxxxx
INUM:       97 PC: 0x0061 REG: x VALUE: 0xxxxx
INUM:       98 PC: 0x0062 REG: x VALUE: 0xxxxx
INUM:       99 PC: 0x0063 REG: x VALUE: 0xxxxx
INUM:      100 PC: 0x0064 REG: x VALUE: 0xxxxx
INUM:      101 PC: 0x0065 REG: x VALUE: 0xxxxx
INUM:      102 PC: 0x0066 REG: x VALUE: 0xxxxx
INUM:      103 PC: 0x0067 REG: x VALUE: 0xxxxx
INUM:      104 PC: 0x0068 REG: x VALUE: 0xxxxx
INUM:      105 PC: 0x0069 REG: x VALUE: 0xxxxx
INUM:      106 PC: 0x006a REG: x VALUE: 0xxxxx
INUM:      107 PC: 0x006b REG: x VALUE: 0xxxxx
INUM:      108 PC: 0x006c REG: x VALUE: 0xxxxx
INUM:      109 PC: 0x006d REG: x VALUE: 0xxxxx
INUM:      110 PC: 0x006e REG: x VALUE: 0xxxxx
INUM:      111 PC: 0x006f REG: x VALUE: 0xxxxx
INUM:      112 PC: 0x0070 REG: x VALUE: 0xxxxx
INUM:      113 PC: 0x0071 REG: x VALUE: 0xxxxx
INUM:      114 PC: 0x0072 REG: x VALUE: 0xxxxx
INUM:      115 PC: 0x0073 REG: x VALUE: 0xxxxx
INUM:      116 PC: 0x0074 REG: x VALUE: 0xxxxx
INUM:      117 PC: 0x0075 REG: x VALUE: 0xxxxx
INUM:      118 PC: 0x0076 REG: x VALUE: 0xxxxx
INUM:      119 PC: 0x0077 REG: x VALUE: 0xxxxx
INUM:      120 PC: 0x0078 REG: x VALUE: 0xxxxx
INUM:      121 PC: 0x0079 REG: x VALUE: 0xxxxx
INUM:      122 PC: 0x007a REG: x VALUE: 0xxxxx
INUM:      123 PC: 0x007b REG: x VALUE: 0xxxxx
INUM:      124 PC: 0x007c REG: x VALUE: 0xxxxx
INUM:      125 PC: 0x007d REG: x VALUE: 0xxxxx
INUM:      126 PC: 0x007e REG: x VALUE: 0xxxxx
INUM:      127 PC: 0x007f REG: x VALUE: 0xxxxx
INUM:      128 PC: 0x0080 REG: x VALUE: 0xxxxx
INUM:      129 PC: 0x0081 REG: x VALUE: 0xxxxx
INUM:      130 PC: 0x0082 REG: x VALUE: 0xxxxx
INUM:      131 PC: 0x0083 REG: x VALUE: 0xxxxx
INUM:      132 PC: 0x0084 REG: x VALUE: 0xxxxx
INUM:      133 PC: 0x0085 REG: x VALUE: 0xxxxx
INUM:      134 PC: 0x0086 REG: x VALUE: 0xxxxx
INUM:      135 PC: 0x0087 REG: x VALUE: 0xxxxx
INUM:      136 PC: 0x0088 REG: x VALUE: 0xxxxx
INUM:      137 PC: 0x0089 REG: x VALUE: 0xxxxx
INUM:      138 PC: 0x008a REG: x VALUE: 0xxxxx
INUM:      139 PC: 0x008b REG: x VALUE: 0xxxxx
INUM:      140 PC: 0x008c REG: x VALUE: 0xxxxx
INUM:      141 PC: 0x008d REG: x VALUE: 0xxxxx
INUM:      142 PC: 0x008e REG: x VALUE: 0xxxxx
INUM:      143 PC: 0x008f REG: x VALUE: 0xxxxx
INUM:      144 PC: 0x0090 REG: x VALUE: 0xxxxx
INUM:      145 PC: 0x0091 REG: x VALUE: 0xxxxx
INUM:      146 PC: 0x0092 REG: x VALUE: 0xxxxx
INUM:      147 PC: 0x0093 REG: x VALUE: 0xxxxx
INUM:      148 PC: 0x0094 REG: x VALUE: 0xxxxx
INUM:      149 PC: 0x0095 REG: x VALUE: 0xxxxx
INUM:      150 PC: 0x0096 REG: x VALUE: 0xxxxx
INUM:      151 PC: 0x0097 REG: x VALUE: 0xxxxx
INUM:      152 PC: 0x0098 REG: x VALUE: 0xxxxx
INUM:      153 PC: 0x0099 REG: x VALUE: 0xxxxx
INUM:      154 PC: 0x009a REG: x VALUE: 0xxxxx
INUM:      155 PC: 0x009b REG: x VALUE: 0xxxxx
INUM:      156 PC: 0x009c REG: x VALUE: 0xxxxx
INUM:      157 PC: 0x009d REG: x VALUE: 0xxxxx
INUM:      158 PC: 0x009e REG: x VALUE: 0xxxxx
INUM:      159 PC: 0x009f REG: x VALUE: 0xxxxx
INUM:      160 PC: 0x00a0 REG: x VALUE: 0xxxxx
INUM:      161 PC: 0x00a1 REG: x VALUE: 0xxxxx
INUM:      162 PC: 0x00a2 REG: x VALUE: 0xxxxx
INUM:      163 PC: 0x00a3 REG: x VALUE: 0xxxxx
INUM:      164 PC: 0x00a4 REG: x VALUE: 0xxxxx
INUM:      165 PC: 0x00a5 REG: x VALUE: 0xxxxx
INUM:      166 PC: 0x00a6 REG: x VALUE: 0xxxxx
INUM:      167 PC: 0x00a7 REG: x VALUE: 0xxxxx
INUM:      168 PC: 0x00a8 REG: x VALUE: 0xxxxx
INUM:      169 PC: 0x00a9 REG: x VALUE: 0xxxxx
INUM:      170 PC: 0x00aa REG: x VALUE: 0xxxxx
INUM:      171 PC: 0x00ab REG: x VALUE: 0xxxxx
INUM:      172 PC: 0x00ac REG: x VALUE: 0xxxxx
INUM:      173 PC: 0x00ad REG: x VALUE: 0xxxxx
INUM:      174 PC: 0x00ae REG: x VALUE: 0xxxxx
INUM:      175 PC: 0x00af REG: x VALUE: 0xxxxx
INUM:      176 PC: 0x00b0 REG: x VALUE: 0xxxxx
INUM:      177 PC: 0x00b1 REG: x VALUE: 0xxxxx
INUM:      178 PC: 0x00b2 REG: x VALUE: 0xxxxx
INUM:      179 PC: 0x00b3 REG: x VALUE: 0xxxxx
INUM:      180 PC: 0x00b4 REG: x VALUE: 0xxxxx
INUM:      181 PC: 0x00b5 REG: x VALUE: 0xxxxx
INUM:      182 PC: 0x00b6 REG: x VALUE: 0xxxxx
INUM:      183 PC: 0x00b7 REG: x VALUE: 0xxxxx
INUM:      184 PC: 0x00b8 REG: x VALUE: 0xxxxx
INUM:      185 PC: 0x00b9 REG: x VALUE: 0xxxxx
INUM:      186 PC: 0x00ba REG: x VALUE: 0xxxxx
INUM:      187 PC: 0x00bb REG: x VALUE: 0xxxxx
INUM:      188 PC: 0x00bc REG: x VALUE: 0xxxxx
INUM:      189 PC: 0x00bd REG: x VALUE: 0xxxxx
INUM:      190 PC: 0x00be REG: x VALUE: 0xxxxx
INUM:      191 PC: 0x00bf REG: x VALUE: 0xxxxx
INUM:      192 PC: 0x00c0 REG: x VALUE: 0xxxxx
INUM:      193 PC: 0x00c1 REG: x VALUE: 0xxxxx
INUM:      194 PC: 0x00c2 REG: x VALUE: 0xxxxx
INUM:      195 PC: 0x00c3 REG: x VALUE: 0xxxxx
INUM:      196 PC: 0x00c4 REG: x VALUE: 0xxxxx
INUM:      197 PC: 0x00c5 REG: x VALUE: 0xxxxx
INUM:      198 PC: 0x00c6 REG: x VALUE: 0xxxxx
INUM:      199 PC: 0x00c7 REG: x VALUE: 0xxxxx
INUM:      200 PC: 0x00c8 REG: x VALUE: 0xxxxx
INUM:      201 PC: 0x00c9 REG: x VALUE: 0xxxxx
INUM:      202 PC: 0x00ca REG: x VALUE: 0xxxxx
INUM:      203 PC: 0x00cb REG: x VALUE: 0xxxxx
INUM:      204 PC: 0x00cc REG: x VALUE: 0xxxxx
INUM:      205 PC: 0x00cd REG: x VALUE: 0xxxxx
INUM:      206 PC: 0x00ce REG: x VALUE: 0xxxxx
INUM:      207 PC: 0x00cf REG: x VALUE: 0xxxxx
INUM:      208 PC: 0x00d0 REG: x VALUE: 0xxxxx
INUM:      209 PC: 0x00d1 REG: x VALUE: 0xxxxx
INUM:      210 PC: 0x00d2 REG: x VALUE: 0xxxxx
INUM:      211 PC: 0x00d3 REG: x VALUE: 0xxxxx
INUM:      212 PC: 0x00d4 REG: x VALUE: 0xxxxx
INUM:      213 PC: 0x00d5 REG: x VALUE: 0xxxxx
INUM:      214 PC: 0x00d6 REG: x VALUE: 0xxxxx
INUM:      215 PC: 0x00d7 REG: x VALUE: 0xxxxx
INUM:      216 PC: 0x00d8 REG: x VALUE: 0xxxxx
INUM:      217 PC: 0x00d9 REG: x VALUE: 0xxxxx
INUM:      218 PC: 0x00da REG: x VALUE: 0xxxxx
INUM:      219 PC: 0x00db REG: x VALUE: 0xxxxx
INUM:      220 PC: 0x00dc REG: x VALUE: 0xxxxx
INUM:      221 PC: 0x00dd REG: x VALUE: 0xxxxx
INUM:      222 PC: 0x00de REG: x VALUE: 0xxxxx
INUM:      223 PC: 0x00df REG: x VALUE: 0xxxxx
INUM:      224 PC: 0x00e0 REG: x VALUE: 0xxxxx
INUM:      225 PC: 0x00e1 REG: x VALUE: 0xxxxx
INUM:      226 PC: 0x00e2 REG: x VALUE: 0xxxxx
INUM:      227 PC: 0x00e3 REG: x VALUE: 0xxxxx
INUM:      228 PC: 0x00e4 REG: x VALUE: 0xxxxx
INUM:      229 PC: 0x00e5 REG: x VALUE: 0xxxxx
INUM:      230 PC: 0x00e6 REG: x VALUE: 0xxxxx
INUM:      231 PC: 0x00e7 REG: x VALUE: 0xxxxx
INUM:      232 PC: 0x00e8 REG: x VALUE: 0xxxxx
INUM:      233 PC: 0x00e9 REG: x VALUE: 0xxxxx
INUM:      234 PC: 0x00ea REG: x VALUE: 0xxxxx
INUM:      235 PC: 0x00eb REG: x VALUE: 0xxxxx
INUM:      236 PC: 0x00ec REG: x VALUE: 0xxxxx
INUM:      237 PC: 0x00ed REG: x VALUE: 0xxxxx
INUM:      238 PC: 0x00ee REG: x VALUE: 0xxxxx
INUM:      239 PC: 0x00ef REG: x VALUE: 0xxxxx
INUM:      240 PC: 0x00f0 REG: x VALUE: 0xxxxx
INUM:      241 PC: 0x00f1 REG: x VALUE: 0xxxxx
INUM:      242 PC: 0x00f2 REG: x VALUE: 0xxxxx
INUM:      243 PC: 0x00f3 REG: x VALUE: 0xxxxx
INUM:      244 PC: 0x00f4 REG: x VALUE: 0xxxxx
INUM:      245 PC: 0x00f5 REG: x VALUE: 0xxxxx
INUM:      246 PC: 0x00f6 REG: x VALUE: 0xxxxx
INUM:      247 PC: 0x00f7 REG: x VALUE: 0xxxxx
INUM:      248 PC: 0x00f8 REG: x VALUE: 0xxxxx
INUM:      249 PC: 0x00f9 REG: x VALUE: 0xxxxx
INUM:      250 PC: 0x00fa REG: x VALUE: 0xxxxx
INUM:      251 PC: 0x00fb REG: x VALUE: 0xxxxx
INUM:      252 PC: 0x00fc REG: x VALUE: 0xxxxx
INUM:      253 PC: 0x00fd REG: x VALUE: 0xxxxx
INUM:      254 PC: 0x00fe REG: x VALUE: 0xxxxx
INUM:      255 PC: 0x00ff REG: x VALUE: 0xxxxx
INUM:      256 PC: 0x0100 REG: x VALUE: 0xxxxx
INUM:      257 PC: 0x0101 REG: x VALUE: 0xxxxx
INUM:      258 PC: 0x0102 REG: x VALUE: 0xxxxx
INUM:      259 PC: 0x0103 REG: x VALUE: 0xxxxx
INUM:      260 PC: 0x0104 REG: x VALUE: 0xxxxx
INUM:      261 PC: 0x0105 REG: x VALUE: 0xxxxx
INUM:      262 PC: 0x0106 REG: x VALUE: 0xxxxx
INUM:      263 PC: 0x0107 REG: x VALUE: 0xxxxx
INUM:      264 PC: 0x0108 REG: x VALUE: 0xxxxx
INUM:      265 PC: 0x0109 REG: x VALUE: 0xxxxx
INUM:      266 PC: 0x010a REG: x VALUE: 0xxxxx
INUM:      267 PC: 0x010b REG: x VALUE: 0xxxxx
INUM:      268 PC: 0x010c REG: x VALUE: 0xxxxx
INUM:      269 PC: 0x010d REG: x VALUE: 0xxxxx
INUM:      270 PC: 0x010e REG: x VALUE: 0xxxxx
INUM:      271 PC: 0x010f REG: x VALUE: 0xxxxx
INUM:      272 PC: 0x0110 REG: x VALUE: 0xxxxx
INUM:      273 PC: 0x0111 REG: x VALUE: 0xxxxx
INUM:      274 PC: 0x0112 REG: x VALUE: 0xxxxx
INUM:      275 PC: 0x0113 REG: x VALUE: 0xxxxx
INUM:      276 PC: 0x0114 REG: x VALUE: 0xxxxx
INUM:      277 PC: 0x0115 REG: x VALUE: 0xxxxx
INUM:      278 PC: 0x0116 REG: x VALUE: 0xxxxx
INUM:      279 PC: 0x0117 REG: x VALUE: 0xxxxx
INUM:      280 PC: 0x0118 REG: x VALUE: 0xxxxx
INUM:      281 PC: 0x0119 REG: x VALUE: 0xxxxx
INUM:      282 PC: 0x011a REG: x VALUE: 0xxxxx
INUM:      283 PC: 0x011b REG: x VALUE: 0xxxxx
INUM:      284 PC: 0x011c REG: x VALUE: 0xxxxx
INUM:      285 PC: 0x011d REG: x VALUE: 0xxxxx
INUM:      286 PC: 0x011e REG: x VALUE: 0xxxxx
INUM:      287 PC: 0x011f REG: x VALUE: 0xxxxx
INUM:      288 PC: 0x0120 REG: x VALUE: 0xxxxx
INUM:      289 PC: 0x0121 REG: x VALUE: 0xxxxx
INUM:      290 PC: 0x0122 REG: x VALUE: 0xxxxx
INUM:      291 PC: 0x0123 REG: x VALUE: 0xxxxx
INUM:      292 PC: 0x0124 REG: x VALUE: 0xxxxx
INUM:      293 PC: 0x0125 REG: x VALUE: 0xxxxx
INUM:      294 PC: 0x0126 REG: x VALUE: 0xxxxx
INUM:      295 PC: 0x0127 REG: x VALUE: 0xxxxx
INUM:      296 PC: 0x0128 REG: x VALUE: 0xxxxx
INUM:      297 PC: 0x0129 REG: x VALUE: 0xxxxx
INUM:      298 PC: 0x012a REG: x VALUE: 0xxxxx
INUM:      299 PC: 0x012b REG: x VALUE: 0xxxxx
INUM:      300 PC: 0x012c REG: x VALUE: 0xxxxx
INUM:      301 PC: 0x012d REG: x VALUE: 0xxxxx
INUM:      302 PC: 0x012e REG: x VALUE: 0xxxxx
INUM:      303 PC: 0x012f REG: x VALUE: 0xxxxx
INUM:      304 PC: 0x0130 REG: x VALUE: 0xxxxx
INUM:      305 PC: 0x0131 REG: x VALUE: 0xxxxx
INUM:      306 PC: 0x0132 REG: x VALUE: 0xxxxx
INUM:      307 PC: 0x0133 REG: x VALUE: 0xxxxx
INUM:      308 PC: 0x0134 REG: x VALUE: 0xxxxx
INUM:      309 PC: 0x0135 REG: x VALUE: 0xxxxx
INUM:      310 PC: 0x0136 REG: x VALUE: 0xxxxx
INUM:      311 PC: 0x0137 REG: x VALUE: 0xxxxx
INUM:      312 PC: 0x0138 REG: x VALUE: 0xxxxx
INUM:      313 PC: 0x0139 REG: x VALUE: 0xxxxx
INUM:      314 PC: 0x013a REG: x VALUE: 0xxxxx
INUM:      315 PC: 0x013b REG: x VALUE: 0xxxxx
INUM:      316 PC: 0x013c REG: x VALUE: 0xxxxx
INUM:      317 PC: 0x013d REG: x VALUE: 0xxxxx
INUM:      318 PC: 0x013e REG: x VALUE: 0xxxxx
INUM:      319 PC: 0x013f REG: x VALUE: 0xxxxx
INUM:      320 PC: 0x0140 REG: x VALUE: 0xxxxx
INUM:      321 PC: 0x0141 REG: x VALUE: 0xxxxx
INUM:      322 PC: 0x0142 REG: x VALUE: 0xxxxx
INUM:      323 PC: 0x0143 REG: x VALUE: 0xxxxx
INUM:      324 PC: 0x0144 REG: x VALUE: 0xxxxx
INUM:      325 PC: 0x0145 REG: x VALUE: 0xxxxx
INUM:      326 PC: 0x0146 REG: x VALUE: 0xxxxx
INUM:      327 PC: 0x0147 REG: x VALUE: 0xxxxx
INUM:      328 PC: 0x0148 REG: x VALUE: 0xxxxx
INUM:      329 PC: 0x0149 REG: x VALUE: 0xxxxx
INUM:      330 PC: 0x014a REG: x VALUE: 0xxxxx
INUM:      331 PC: 0x014b REG: x VALUE: 0xxxxx
INUM:      332 PC: 0x014c REG: x VALUE: 0xxxxx
INUM:      333 PC: 0x014d REG: x VALUE: 0xxxxx
INUM:      334 PC: 0x014e REG: x VALUE: 0xxxxx
INUM:      335 PC: 0x014f REG: x VALUE: 0xxxxx
INUM:      336 PC: 0x0150 REG: x VALUE: 0xxxxx
INUM:      337 PC: 0x0151 REG: x VALUE: 0xxxxx
INUM:      338 PC: 0x0152 REG: x VALUE: 0xxxxx
INUM:      339 PC: 0x0153 REG: x VALUE: 0xxxxx
INUM:      340 PC: 0x0154 REG: x VALUE: 0xxxxx
INUM:      341 PC: 0x0155 REG: x VALUE: 0xxxxx
INUM:      342 PC: 0x0156 REG: x VALUE: 0xxxxx
INUM:      343 PC: 0x0157 REG: x VALUE: 0xxxxx
INUM:      344 PC: 0x0158 REG: x VALUE: 0xxxxx
INUM:      345 PC: 0x0159 REG: x VALUE: 0xxxxx
INUM:      346 PC: 0x015a REG: x VALUE: 0xxxxx
INUM:      347 PC: 0x015b REG: x VALUE: 0xxxxx
INUM:      348 PC: 0x015c REG: x VALUE: 0xxxxx
INUM:      349 PC: 0x015d REG: x VALUE: 0xxxxx
INUM:      350 PC: 0x015e REG: x VALUE: 0xxxxx
INUM:      351 PC: 0x015f REG: x VALUE: 0xxxxx
INUM:      352 PC: 0x0160 REG: x VALUE: 0xxxxx
INUM:      353 PC: 0x0161 REG: x VALUE: 0xxxxx
INUM:      354 PC: 0x0162 REG: x VALUE: 0xxxxx
INUM:      355 PC: 0x0163 REG: x VALUE: 0xxxxx
INUM:      356 PC: 0x0164 REG: x VALUE: 0xxxxx
INUM:      357 PC: 0x0165 REG: x VALUE: 0xxxxx
INUM:      358 PC: 0x0166 REG: x VALUE: 0xxxxx
INUM:      359 PC: 0x0167 REG: x VALUE: 0xxxxx
INUM:      360 PC: 0x0168 REG: x VALUE: 0xxxxx
INUM:      361 PC: 0x0169 REG: x VALUE: 0xxxxx
INUM:      362 PC: 0x016a REG: x VALUE: 0xxxxx
INUM:      363 PC: 0x016b REG: x VALUE: 0xxxxx
INUM:      364 PC: 0x016c REG: x VALUE: 0xxxxx
INUM:      365 PC: 0x016d REG: x VALUE: 0xxxxx
INUM:      366 PC: 0x016e REG: x VALUE: 0xxxxx
INUM:      367 PC: 0x016f REG: x VALUE: 0xxxxx
INUM:      368 PC: 0x0170 REG: x VALUE: 0xxxxx
INUM:      369 PC: 0x0171 REG: x VALUE: 0xxxxx
INUM:      370 PC: 0x0172 REG: x VALUE: 0xxxxx
INUM:      371 PC: 0x0173 REG: x VALUE: 0xxxxx
INUM:      372 PC: 0x0174 REG: x VALUE: 0xxxxx
INUM:      373 PC: 0x0175 REG: x VALUE: 0xxxxx
INUM:      374 PC: 0x0176 REG: x VALUE: 0xxxxx
INUM:      375 PC: 0x0177 REG: x VALUE: 0xxxxx
INUM:      376 PC: 0x0178 REG: x VALUE: 0xxxxx
INUM:      377 PC: 0x0179 REG: x VALUE: 0xxxxx
INUM:      378 PC: 0x017a REG: x VALUE: 0xxxxx
INUM:      379 PC: 0x017b REG: x VALUE: 0xxxxx
INUM:      380 PC: 0x017c REG: x VALUE: 0xxxxx
INUM:      381 PC: 0x017d REG: x VALUE: 0xxxxx
INUM:      382 PC: 0x017e REG: x VALUE: 0xxxxx
INUM:      383 PC: 0x017f REG: x VALUE: 0xxxxx
INUM:      384 PC: 0x0180 REG: x VALUE: 0xxxxx
INUM:      385 PC: 0x0181 REG: x VALUE: 0xxxxx
INUM:      386 PC: 0x0182 REG: x VALUE: 0xxxxx
INUM:      387 PC: 0x0183 REG: x VALUE: 0xxxxx
INUM:      388 PC: 0x0184 REG: x VALUE: 0xxxxx
INUM:      389 PC: 0x0185 REG: x VALUE: 0xxxxx
INUM:      390 PC: 0x0186 REG: x VALUE: 0xxxxx
INUM:      391 PC: 0x0187 REG: x VALUE: 0xxxxx
INUM:      392 PC: 0x0188 REG: x VALUE: 0xxxxx
INUM:      393 PC: 0x0189 REG: x VALUE: 0xxxxx
INUM:      394 PC: 0x018a REG: x VALUE: 0xxxxx
INUM:      395 PC: 0x018b REG: x VALUE: 0xxxxx
INUM:      396 PC: 0x018c REG: x VALUE: 0xxxxx
INUM:      397 PC: 0x018d REG: x VALUE: 0xxxxx
INUM:      398 PC: 0x018e REG: x VALUE: 0xxxxx
INUM:      399 PC: 0x018f REG: x VALUE: 0xxxxx
INUM:      400 PC: 0x0190 REG: x VALUE: 0xxxxx
INUM:      401 PC: 0x0191 REG: x VALUE: 0xxxxx
INUM:      402 PC: 0x0192 REG: x VALUE: 0xxxxx
INUM:      403 PC: 0x0193 REG: x VALUE: 0xxxxx
INUM:      404 PC: 0x0194 REG: x VALUE: 0xxxxx
INUM:      405 PC: 0x0195 REG: x VALUE: 0xxxxx
INUM:      406 PC: 0x0196 REG: x VALUE: 0xxxxx
INUM:      407 PC: 0x0197 REG: x VALUE: 0xxxxx
INUM:      408 PC: 0x0198 REG: x VALUE: 0xxxxx
INUM:      409 PC: 0x0199 REG: x VALUE: 0xxxxx
INUM:      410 PC: 0x019a REG: x VALUE: 0xxxxx
INUM:      411 PC: 0x019b REG: x VALUE: 0xxxxx
INUM:      412 PC: 0x019c REG: x VALUE: 0xxxxx
INUM:      413 PC: 0x019d REG: x VALUE: 0xxxxx
INUM:      414 PC: 0x019e REG: x VALUE: 0xxxxx
INUM:      415 PC: 0x019f REG: x VALUE: 0xxxxx
INUM:      416 PC: 0x01a0 REG: x VALUE: 0xxxxx
INUM:      417 PC: 0x01a1 REG: x VALUE: 0xxxxx
INUM:      418 PC: 0x01a2 REG: x VALUE: 0xxxxx
INUM:      419 PC: 0x01a3 REG: x VALUE: 0xxxxx
INUM:      420 PC: 0x01a4 REG: x VALUE: 0xxxxx
INUM:      421 PC: 0x01a5 REG: x VALUE: 0xxxxx
INUM:      422 PC: 0x01a6 REG: x VALUE: 0xxxxx
INUM:      423 PC: 0x01a7 REG: x VALUE: 0xxxxx
INUM:      424 PC: 0x01a8 REG: x VALUE: 0xxxxx
INUM:      425 PC: 0x01a9 REG: x VALUE: 0xxxxx
INUM:      426 PC: 0x01aa REG: x VALUE: 0xxxxx
INUM:      427 PC: 0x01ab REG: x VALUE: 0xxxxx
INUM:      428 PC: 0x01ac REG: x VALUE: 0xxxxx
INUM:      429 PC: 0x01ad REG: x VALUE: 0xxxxx
INUM:      430 PC: 0x01ae REG: x VALUE: 0xxxxx
INUM:      431 PC: 0x01af REG: x VALUE: 0xxxxx
INUM:      432 PC: 0x01b0 REG: x VALUE: 0xxxxx
INUM:      433 PC: 0x01b1 REG: x VALUE: 0xxxxx
INUM:      434 PC: 0x01b2 REG: x VALUE: 0xxxxx
INUM:      435 PC: 0x01b3 REG: x VALUE: 0xxxxx
INUM:      436 PC: 0x01b4 REG: x VALUE: 0xxxxx
INUM:      437 PC: 0x01b5 REG: x VALUE: 0xxxxx
INUM:      438 PC: 0x01b6 REG: x VALUE: 0xxxxx
INUM:      439 PC: 0x01b7 REG: x VALUE: 0xxxxx
INUM:      440 PC: 0x01b8 REG: x VALUE: 0xxxxx
INUM:      441 PC: 0x01b9 REG: x VALUE: 0xxxxx
INUM:      442 PC: 0x01ba REG: x VALUE: 0xxxxx
INUM:      443 PC: 0x01bb REG: x VALUE: 0xxxxx
INUM:      444 PC: 0x01bc REG: x VALUE: 0xxxxx
INUM:      445 PC: 0x01bd REG: x VALUE: 0xxxxx
INUM:      446 PC: 0x01be REG: x VALUE: 0xxxxx
INUM:      447 PC: 0x01bf REG: x VALUE: 0xxxxx
INUM:      448 PC: 0x01c0 REG: x VALUE: 0xxxxx
INUM:      449 PC: 0x01c1 REG: x VALUE: 0xxxxx
INUM:      450 PC: 0x01c2 REG: x VALUE: 0xxxxx
INUM:      451 PC: 0x01c3 REG: x VALUE: 0xxxxx
INUM:      452 PC: 0x01c4 REG: x VALUE: 0xxxxx
INUM:      453 PC: 0x01c5 REG: x VALUE: 0xxxxx
INUM:      454 PC: 0x01c6 REG: x VALUE: 0xxxxx
INUM:      455 PC: 0x01c7 REG: x VALUE: 0xxxxx
INUM:      456 PC: 0x01c8 REG: x VALUE: 0xxxxx
INUM:      457 PC: 0x01c9 REG: x VALUE: 0xxxxx
INUM:      458 PC: 0x01ca REG: x VALUE: 0xxxxx
INUM:      459 PC: 0x01cb REG: x VALUE: 0xxxxx
INUM:      460 PC: 0x01cc REG: x VALUE: 0xxxxx
INUM:      461 PC: 0x01cd REG: x VALUE: 0xxxxx
INUM:      462 PC: 0x01ce REG: x VALUE: 0xxxxx
INUM:      463 PC: 0x01cf REG: x VALUE: 0xxxxx
INUM:      464 PC: 0x01d0 REG: x VALUE: 0xxxxx
INUM:      465 PC: 0x01d1 REG: x VALUE: 0xxxxx
INUM:      466 PC: 0x01d2 REG: x VALUE: 0xxxxx
INUM:      467 PC: 0x01d3 REG: x VALUE: 0xxxxx
INUM:      468 PC: 0x01d4 REG: x VALUE: 0xxxxx
INUM:      469 PC: 0x01d5 REG: x VALUE: 0xxxxx
INUM:      470 PC: 0x01d6 REG: x VALUE: 0xxxxx
INUM:      471 PC: 0x01d7 REG: x VALUE: 0xxxxx
INUM:      472 PC: 0x01d8 REG: x VALUE: 0xxxxx
INUM:      473 PC: 0x01d9 REG: x VALUE: 0xxxxx
INUM:      474 PC: 0x01da REG: x VALUE: 0xxxxx
INUM:      475 PC: 0x01db REG: x VALUE: 0xxxxx
INUM:      476 PC: 0x01dc REG: x VALUE: 0xxxxx
INUM:      477 PC: 0x01dd REG: x VALUE: 0xxxxx
INUM:      478 PC: 0x01de REG: x VALUE: 0xxxxx
INUM:      479 PC: 0x01df REG: x VALUE: 0xxxxx
INUM:      480 PC: 0x01e0 REG: x VALUE: 0xxxxx
INUM:      481 PC: 0x01e1 REG: x VALUE: 0xxxxx
INUM:      482 PC: 0x01e2 REG: x VALUE: 0xxxxx
INUM:      483 PC: 0x01e3 REG: x VALUE: 0xxxxx
INUM:      484 PC: 0x01e4 REG: x VALUE: 0xxxxx
INUM:      485 PC: 0x01e5 REG: x VALUE: 0xxxxx
INUM:      486 PC: 0x01e6 REG: x VALUE: 0xxxxx
INUM:      487 PC: 0x01e7 REG: x VALUE: 0xxxxx
INUM:      488 PC: 0x01e8 REG: x VALUE: 0xxxxx
INUM:      489 PC: 0x01e9 REG: x VALUE: 0xxxxx
INUM:      490 PC: 0x01ea REG: x VALUE: 0xxxxx
INUM:      491 PC: 0x01eb REG: x VALUE: 0xxxxx
INUM:      492 PC: 0x01ec REG: x VALUE: 0xxxxx
INUM:      493 PC: 0x01ed REG: x VALUE: 0xxxxx
INUM:      494 PC: 0x01ee REG: x VALUE: 0xxxxx
INUM:      495 PC: 0x01ef REG: x VALUE: 0xxxxx
INUM:      496 PC: 0x01f0 REG: x VALUE: 0xxxxx
INUM:      497 PC: 0x01f1 REG: x VALUE: 0xxxxx
INUM:      498 PC: 0x01f2 REG: x VALUE: 0xxxxx
INUM:      499 PC: 0x01f3 REG: x VALUE: 0xxxxx
INUM:      500 PC: 0x01f4 REG: x VALUE: 0xxxxx
INUM:      501 PC: 0x01f5 REG: x VALUE: 0xxxxx
INUM:      502 PC: 0x01f6 REG: x VALUE: 0xxxxx
INUM:      503 PC: 0x01f7 REG: x VALUE: 0xxxxx
INUM:      504 PC: 0x01f8 REG: x VALUE: 0xxxxx
INUM:      505 PC: 0x01f9 REG: x VALUE: 0xxxxx
INUM:      506 PC: 0x01fa REG: x VALUE: 0xxxxx
INUM:      507 PC: 0x01fb REG: x VALUE: 0xxxxx
INUM:      508 PC: 0x01fc REG: x VALUE: 0xxxxx
INUM:      509 PC: 0x01fd REG: x VALUE: 0xxxxx
INUM:      510 PC: 0x01fe REG: x VALUE: 0xxxxx
INUM:      511 PC: 0x01ff REG: x VALUE: 0xxxxx
INUM:      512 PC: 0x0200 REG: x VALUE: 0xxxxx
INUM:      513 PC: 0x0201 REG: x VALUE: 0xxxxx
INUM:      514 PC: 0x0202 REG: x VALUE: 0xxxxx
INUM:      515 PC: 0x0203 REG: x VALUE: 0xxxxx
INUM:      516 PC: 0x0204 REG: x VALUE: 0xxxxx
INUM:      517 PC: 0x0205 REG: x VALUE: 0xxxxx
INUM:      518 PC: 0x0206 REG: x VALUE: 0xxxxx
INUM:      519 PC: 0x0207 REG: x VALUE: 0xxxxx
INUM:      520 PC: 0x0208 REG: x VALUE: 0xxxxx
INUM:      521 PC: 0x0209 REG: x VALUE: 0xxxxx
INUM:      522 PC: 0x020a REG: x VALUE: 0xxxxx
INUM:      523 PC: 0x020b REG: x VALUE: 0xxxxx
INUM:      524 PC: 0x020c REG: x VALUE: 0xxxxx
INUM:      525 PC: 0x020d REG: x VALUE: 0xxxxx
INUM:      526 PC: 0x020e REG: x VALUE: 0xxxxx
INUM:      527 PC: 0x020f REG: x VALUE: 0xxxxx
INUM:      528 PC: 0x0210 REG: x VALUE: 0xxxxx
INUM:      529 PC: 0x0211 REG: x VALUE: 0xxxxx
INUM:      530 PC: 0x0212 REG: x VALUE: 0xxxxx
INUM:      531 PC: 0x0213 REG: x VALUE: 0xxxxx
INUM:      532 PC: 0x0214 REG: x VALUE: 0xxxxx
INUM:      533 PC: 0x0215 REG: x VALUE: 0xxxxx
INUM:      534 PC: 0x0216 REG: x VALUE: 0xxxxx
INUM:      535 PC: 0x0217 REG: x VALUE: 0xxxxx
INUM:      536 PC: 0x0218 REG: x VALUE: 0xxxxx
INUM:      537 PC: 0x0219 REG: x VALUE: 0xxxxx
INUM:      538 PC: 0x021a REG: x VALUE: 0xxxxx
INUM:      539 PC: 0x021b REG: x VALUE: 0xxxxx
INUM:      540 PC: 0x021c REG: x VALUE: 0xxxxx
INUM:      541 PC: 0x021d REG: x VALUE: 0xxxxx
INUM:      542 PC: 0x021e REG: x VALUE: 0xxxxx
INUM:      543 PC: 0x021f REG: x VALUE: 0xxxxx
INUM:      544 PC: 0x0220 REG: x VALUE: 0xxxxx
INUM:      545 PC: 0x0221 REG: x VALUE: 0xxxxx
INUM:      546 PC: 0x0222 REG: x VALUE: 0xxxxx
INUM:      547 PC: 0x0223 REG: x VALUE: 0xxxxx
INUM:      548 PC: 0x0224 REG: x VALUE: 0xxxxx
INUM:      549 PC: 0x0225 REG: x VALUE: 0xxxxx
INUM:      550 PC: 0x0226 REG: x VALUE: 0xxxxx
INUM:      551 PC: 0x0227 REG: x VALUE: 0xxxxx
INUM:      552 PC: 0x0228 REG: x VALUE: 0xxxxx
INUM:      553 PC: 0x0229 REG: x VALUE: 0xxxxx
INUM:      554 PC: 0x022a REG: x VALUE: 0xxxxx
INUM:      555 PC: 0x022b REG: x VALUE: 0xxxxx
INUM:      556 PC: 0x022c REG: x VALUE: 0xxxxx
INUM:      557 PC: 0x022d REG: x VALUE: 0xxxxx
INUM:      558 PC: 0x022e REG: x VALUE: 0xxxxx
INUM:      559 PC: 0x022f REG: x VALUE: 0xxxxx
INUM:      560 PC: 0x0230 REG: x VALUE: 0xxxxx
INUM:      561 PC: 0x0231 REG: x VALUE: 0xxxxx
INUM:      562 PC: 0x0232 REG: x VALUE: 0xxxxx
INUM:      563 PC: 0x0233 REG: x VALUE: 0xxxxx
INUM:      564 PC: 0x0234 REG: x VALUE: 0xxxxx
INUM:      565 PC: 0x0235 REG: x VALUE: 0xxxxx
INUM:      566 PC: 0x0236 REG: x VALUE: 0xxxxx
INUM:      567 PC: 0x0237 REG: x VALUE: 0xxxxx
INUM:      568 PC: 0x0238 REG: x VALUE: 0xxxxx
INUM:      569 PC: 0x0239 REG: x VALUE: 0xxxxx
INUM:      570 PC: 0x023a REG: x VALUE: 0xxxxx
INUM:      571 PC: 0x023b REG: x VALUE: 0xxxxx
INUM:      572 PC: 0x023c REG: x VALUE: 0xxxxx
INUM:      573 PC: 0x023d REG: x VALUE: 0xxxxx
INUM:      574 PC: 0x023e REG: x VALUE: 0xxxxx
INUM:      575 PC: 0x023f REG: x VALUE: 0xxxxx
INUM:      576 PC: 0x0240 REG: x VALUE: 0xxxxx
INUM:      577 PC: 0x0241 REG: x VALUE: 0xxxxx
INUM:      578 PC: 0x0242 REG: x VALUE: 0xxxxx
INUM:      579 PC: 0x0243 REG: x VALUE: 0xxxxx
INUM:      580 PC: 0x0244 REG: x VALUE: 0xxxxx
INUM:      581 PC: 0x0245 REG: x VALUE: 0xxxxx
INUM:      582 PC: 0x0246 REG: x VALUE: 0xxxxx
INUM:      583 PC: 0x0247 REG: x VALUE: 0xxxxx
INUM:      584 PC: 0x0248 REG: x VALUE: 0xxxxx
INUM:      585 PC: 0x0249 REG: x VALUE: 0xxxxx
INUM:      586 PC: 0x024a REG: x VALUE: 0xxxxx
INUM:      587 PC: 0x024b REG: x VALUE: 0xxxxx
INUM:      588 PC: 0x024c REG: x VALUE: 0xxxxx
INUM:      589 PC: 0x024d REG: x VALUE: 0xxxxx
INUM:      590 PC: 0x024e REG: x VALUE: 0xxxxx
INUM:      591 PC: 0x024f REG: x VALUE: 0xxxxx
INUM:      592 PC: 0x0250 REG: x VALUE: 0xxxxx
INUM:      593 PC: 0x0251 REG: x VALUE: 0xxxxx
INUM:      594 PC: 0x0252 REG: x VALUE: 0xxxxx
INUM:      595 PC: 0x0253 REG: x VALUE: 0xxxxx
INUM:      596 PC: 0x0254 REG: x VALUE: 0xxxxx
INUM:      597 PC: 0x0255 REG: x VALUE: 0xxxxx
INUM:      598 PC: 0x0256 REG: x VALUE: 0xxxxx
INUM:      599 PC: 0x0257 REG: x VALUE: 0xxxxx
INUM:      600 PC: 0x0258 REG: x VALUE: 0xxxxx
INUM:      601 PC: 0x0259 REG: x VALUE: 0xxxxx
INUM:      602 PC: 0x025a REG: x VALUE: 0xxxxx
INUM:      603 PC: 0x025b REG: x VALUE: 0xxxxx
INUM:      604 PC: 0x025c REG: x VALUE: 0xxxxx
INUM:      605 PC: 0x025d REG: x VALUE: 0xxxxx
INUM:      606 PC: 0x025e REG: x VALUE: 0xxxxx
INUM:      607 PC: 0x025f REG: x VALUE: 0xxxxx
INUM:      608 PC: 0x0260 REG: x VALUE: 0xxxxx
INUM:      609 PC: 0x0261 REG: x VALUE: 0xxxxx
INUM:      610 PC: 0x0262 REG: x VALUE: 0xxxxx
INUM:      611 PC: 0x0263 REG: x VALUE: 0xxxxx
INUM:      612 PC: 0x0264 REG: x VALUE: 0xxxxx
INUM:      613 PC: 0x0265 REG: x VALUE: 0xxxxx
INUM:      614 PC: 0x0266 REG: x VALUE: 0xxxxx
INUM:      615 PC: 0x0267 REG: x VALUE: 0xxxxx
INUM:      616 PC: 0x0268 REG: x VALUE: 0xxxxx
INUM:      617 PC: 0x0269 REG: x VALUE: 0xxxxx
INUM:      618 PC: 0x026a REG: x VALUE: 0xxxxx
INUM:      619 PC: 0x026b REG: x VALUE: 0xxxxx
INUM:      620 PC: 0x026c REG: x VALUE: 0xxxxx
INUM:      621 PC: 0x026d REG: x VALUE: 0xxxxx
INUM:      622 PC: 0x026e REG: x VALUE: 0xxxxx
INUM:      623 PC: 0x026f REG: x VALUE: 0xxxxx
INUM:      624 PC: 0x0270 REG: x VALUE: 0xxxxx
INUM:      625 PC: 0x0271 REG: x VALUE: 0xxxxx
INUM:      626 PC: 0x0272 REG: x VALUE: 0xxxxx
INUM:      627 PC: 0x0273 REG: x VALUE: 0xxxxx
INUM:      628 PC: 0x0274 REG: x VALUE: 0xxxxx
INUM:      629 PC: 0x0275 REG: x VALUE: 0xxxxx
INUM:      630 PC: 0x0276 REG: x VALUE: 0xxxxx
INUM:      631 PC: 0x0277 REG: x VALUE: 0xxxxx
INUM:      632 PC: 0x0278 REG: x VALUE: 0xxxxx
INUM:      633 PC: 0x0279 REG: x VALUE: 0xxxxx
INUM:      634 PC: 0x027a REG: x VALUE: 0xxxxx
INUM:      635 PC: 0x027b REG: x VALUE: 0xxxxx
INUM:      636 PC: 0x027c REG: x VALUE: 0xxxxx
INUM:      637 PC: 0x027d REG: x VALUE: 0xxxxx
INUM:      638 PC: 0x027e REG: x VALUE: 0xxxxx
INUM:      639 PC: 0x027f REG: x VALUE: 0xxxxx
INUM:      640 PC: 0x0280 REG: x VALUE: 0xxxxx
INUM:      641 PC: 0x0281 REG: x VALUE: 0xxxxx
INUM:      642 PC: 0x0282 REG: x VALUE: 0xxxxx
INUM:      643 PC: 0x0283 REG: x VALUE: 0xxxxx
INUM:      644 PC: 0x0284 REG: x VALUE: 0xxxxx
INUM:      645 PC: 0x0285 REG: x VALUE: 0xxxxx
INUM:      646 PC: 0x0286 REG: x VALUE: 0xxxxx
INUM:      647 PC: 0x0287 REG: x VALUE: 0xxxxx
INUM:      648 PC: 0x0288 REG: x VALUE: 0xxxxx
INUM:      649 PC: 0x0289 REG: x VALUE: 0xxxxx
INUM:      650 PC: 0x028a REG: x VALUE: 0xxxxx
INUM:      651 PC: 0x028b REG: x VALUE: 0xxxxx
INUM:      652 PC: 0x028c REG: x VALUE: 0xxxxx
INUM:      653 PC: 0x028d REG: x VALUE: 0xxxxx
INUM:      654 PC: 0x028e REG: x VALUE: 0xxxxx
INUM:      655 PC: 0x028f REG: x VALUE: 0xxxxx
INUM:      656 PC: 0x0290 REG: x VALUE: 0xxxxx
INUM:      657 PC: 0x0291 REG: x VALUE: 0xxxxx
INUM:      658 PC: 0x0292 REG: x VALUE: 0xxxxx
INUM:      659 PC: 0x0293 REG: x VALUE: 0xxxxx
INUM:      660 PC: 0x0294 REG: x VALUE: 0xxxxx
INUM:      661 PC: 0x0295 REG: x VALUE: 0xxxxx
INUM:      662 PC: 0x0296 REG: x VALUE: 0xxxxx
INUM:      663 PC: 0x0297 REG: x VALUE: 0xxxxx
INUM:      664 PC: 0x0298 REG: x VALUE: 0xxxxx
INUM:      665 PC: 0x0299 REG: x VALUE: 0xxxxx
INUM:      666 PC: 0x029a REG: x VALUE: 0xxxxx
INUM:      667 PC: 0x029b REG: x VALUE: 0xxxxx
INUM:      668 PC: 0x029c REG: x VALUE: 0xxxxx
INUM:      669 PC: 0x029d REG: x VALUE: 0xxxxx
INUM:      670 PC: 0x029e REG: x VALUE: 0xxxxx
INUM:      671 PC: 0x029f REG: x VALUE: 0xxxxx
INUM:      672 PC: 0x02a0 REG: x VALUE: 0xxxxx
INUM:      673 PC: 0x02a1 REG: x VALUE: 0xxxxx
INUM:      674 PC: 0x02a2 REG: x VALUE: 0xxxxx
INUM:      675 PC: 0x02a3 REG: x VALUE: 0xxxxx
INUM:      676 PC: 0x02a4 REG: x VALUE: 0xxxxx
INUM:      677 PC: 0x02a5 REG: x VALUE: 0xxxxx
INUM:      678 PC: 0x02a6 REG: x VALUE: 0xxxxx
INUM:      679 PC: 0x02a7 REG: x VALUE: 0xxxxx
INUM:      680 PC: 0x02a8 REG: x VALUE: 0xxxxx
INUM:      681 PC: 0x02a9 REG: x VALUE: 0xxxxx
INUM:      682 PC: 0x02aa REG: x VALUE: 0xxxxx
INUM:      683 PC: 0x02ab REG: x VALUE: 0xxxxx
INUM:      684 PC: 0x02ac REG: x VALUE: 0xxxxx
INUM:      685 PC: 0x02ad REG: x VALUE: 0xxxxx
INUM:      686 PC: 0x02ae REG: x VALUE: 0xxxxx
INUM:      687 PC: 0x02af REG: x VALUE: 0xxxxx
INUM:      688 PC: 0x02b0 REG: x VALUE: 0xxxxx
INUM:      689 PC: 0x02b1 REG: x VALUE: 0xxxxx
INUM:      690 PC: 0x02b2 REG: x VALUE: 0xxxxx
INUM:      691 PC: 0x02b3 REG: x VALUE: 0xxxxx
INUM:      692 PC: 0x02b4 REG: x VALUE: 0xxxxx
INUM:      693 PC: 0x02b5 REG: x VALUE: 0xxxxx
INUM:      694 PC: 0x02b6 REG: x VALUE: 0xxxxx
INUM:      695 PC: 0x02b7 REG: x VALUE: 0xxxxx
INUM:      696 PC: 0x02b8 REG: x VALUE: 0xxxxx
INUM:      697 PC: 0x02b9 REG: x VALUE: 0xxxxx
INUM:      698 PC: 0x02ba REG: x VALUE: 0xxxxx
INUM:      699 PC: 0x02bb REG: x VALUE: 0xxxxx
INUM:      700 PC: 0x02bc REG: x VALUE: 0xxxxx
INUM:      701 PC: 0x02bd REG: x VALUE: 0xxxxx
INUM:      702 PC: 0x02be REG: x VALUE: 0xxxxx
INUM:      703 PC: 0x02bf REG: x VALUE: 0xxxxx
INUM:      704 PC: 0x02c0 REG: x VALUE: 0xxxxx
INUM:      705 PC: 0x02c1 REG: x VALUE: 0xxxxx
INUM:      706 PC: 0x02c2 REG: x VALUE: 0xxxxx
INUM:      707 PC: 0x02c3 REG: x VALUE: 0xxxxx
INUM:      708 PC: 0x02c4 REG: x VALUE: 0xxxxx
INUM:      709 PC: 0x02c5 REG: x VALUE: 0xxxxx
INUM:      710 PC: 0x02c6 REG: x VALUE: 0xxxxx
INUM:      711 PC: 0x02c7 REG: x VALUE: 0xxxxx
INUM:      712 PC: 0x02c8 REG: x VALUE: 0xxxxx
INUM:      713 PC: 0x02c9 REG: x VALUE: 0xxxxx
INUM:      714 PC: 0x02ca REG: x VALUE: 0xxxxx
INUM:      715 PC: 0x02cb REG: x VALUE: 0xxxxx
INUM:      716 PC: 0x02cc REG: x VALUE: 0xxxxx
INUM:      717 PC: 0x02cd REG: x VALUE: 0xxxxx
INUM:      718 PC: 0x02ce REG: x VALUE: 0xxxxx
INUM:      719 PC: 0x02cf REG: x VALUE: 0xxxxx
INUM:      720 PC: 0x02d0 REG: x VALUE: 0xxxxx
INUM:      721 PC: 0x02d1 REG: x VALUE: 0xxxxx
INUM:      722 PC: 0x02d2 REG: x VALUE: 0xxxxx
INUM:      723 PC: 0x02d3 REG: x VALUE: 0xxxxx
INUM:      724 PC: 0x02d4 REG: x VALUE: 0xxxxx
INUM:      725 PC: 0x02d5 REG: x VALUE: 0xxxxx
INUM:      726 PC: 0x02d6 REG: x VALUE: 0xxxxx
INUM:      727 PC: 0x02d7 REG: x VALUE: 0xxxxx
INUM:      728 PC: 0x02d8 REG: x VALUE: 0xxxxx
INUM:      729 PC: 0x02d9 REG: x VALUE: 0xxxxx
INUM:      730 PC: 0x02da REG: x VALUE: 0xxxxx
INUM:      731 PC: 0x02db REG: x VALUE: 0xxxxx
INUM:      732 PC: 0x02dc REG: x VALUE: 0xxxxx
INUM:      733 PC: 0x02dd REG: x VALUE: 0xxxxx
INUM:      734 PC: 0x02de REG: x VALUE: 0xxxxx
INUM:      735 PC: 0x02df REG: x VALUE: 0xxxxx
INUM:      736 PC: 0x02e0 REG: x VALUE: 0xxxxx
INUM:      737 PC: 0x02e1 REG: x VALUE: 0xxxxx
INUM:      738 PC: 0x02e2 REG: x VALUE: 0xxxxx
INUM:      739 PC: 0x02e3 REG: x VALUE: 0xxxxx
INUM:      740 PC: 0x02e4 REG: x VALUE: 0xxxxx
INUM:      741 PC: 0x02e5 REG: x VALUE: 0xxxxx
INUM:      742 PC: 0x02e6 REG: x VALUE: 0xxxxx
INUM:      743 PC: 0x02e7 REG: x VALUE: 0xxxxx
INUM:      744 PC: 0x02e8 REG: x VALUE: 0xxxxx
INUM:      745 PC: 0x02e9 REG: x VALUE: 0xxxxx
INUM:      746 PC: 0x02ea REG: x VALUE: 0xxxxx
INUM:      747 PC: 0x02eb REG: x VALUE: 0xxxxx
INUM:      748 PC: 0x02ec REG: x VALUE: 0xxxxx
INUM:      749 PC: 0x02ed REG: x VALUE: 0xxxxx
INUM:      750 PC: 0x02ee REG: x VALUE: 0xxxxx
INUM:      751 PC: 0x02ef REG: x VALUE: 0xxxxx
INUM:      752 PC: 0x02f0 REG: x VALUE: 0xxxxx
INUM:      753 PC: 0x02f1 REG: x VALUE: 0xxxxx
INUM:      754 PC: 0x02f2 REG: x VALUE: 0xxxxx
INUM:      755 PC: 0x02f3 REG: x VALUE: 0xxxxx
INUM:      756 PC: 0x02f4 REG: x VALUE: 0xxxxx
INUM:      757 PC: 0x02f5 REG: x VALUE: 0xxxxx
INUM:      758 PC: 0x02f6 REG: x VALUE: 0xxxxx
INUM:      759 PC: 0x02f7 REG: x VALUE: 0xxxxx
INUM:      760 PC: 0x02f8 REG: x VALUE: 0xxxxx
INUM:      761 PC: 0x02f9 REG: x VALUE: 0xxxxx
INUM:      762 PC: 0x02fa REG: x VALUE: 0xxxxx
INUM:      763 PC: 0x02fb REG: x VALUE: 0xxxxx
INUM:      764 PC: 0x02fc REG: x VALUE: 0xxxxx
INUM:      765 PC: 0x02fd REG: x VALUE: 0xxxxx
INUM:      766 PC: 0x02fe REG: x VALUE: 0xxxxx
INUM:      767 PC: 0x02ff REG: x VALUE: 0xxxxx
INUM:      768 PC: 0x0300 REG: x VALUE: 0xxxxx
INUM:      769 PC: 0x0301 REG: x VALUE: 0xxxxx
INUM:      770 PC: 0x0302 REG: x VALUE: 0xxxxx
INUM:      771 PC: 0x0303 REG: x VALUE: 0xxxxx
INUM:      772 PC: 0x0304 REG: x VALUE: 0xxxxx
INUM:      773 PC: 0x0305 REG: x VALUE: 0xxxxx
INUM:      774 PC: 0x0306 REG: x VALUE: 0xxxxx
INUM:      775 PC: 0x0307 REG: x VALUE: 0xxxxx
INUM:      776 PC: 0x0308 REG: x VALUE: 0xxxxx
INUM:      777 PC: 0x0309 REG: x VALUE: 0xxxxx
INUM:      778 PC: 0x030a REG: x VALUE: 0xxxxx
INUM:      779 PC: 0x030b REG: x VALUE: 0xxxxx
INUM:      780 PC: 0x030c REG: x VALUE: 0xxxxx
INUM:      781 PC: 0x030d REG: x VALUE: 0xxxxx
INUM:      782 PC: 0x030e REG: x VALUE: 0xxxxx
INUM:      783 PC: 0x030f REG: x VALUE: 0xxxxx
INUM:      784 PC: 0x0310 REG: x VALUE: 0xxxxx
INUM:      785 PC: 0x0311 REG: x VALUE: 0xxxxx
INUM:      786 PC: 0x0312 REG: x VALUE: 0xxxxx
INUM:      787 PC: 0x0313 REG: x VALUE: 0xxxxx
INUM:      788 PC: 0x0314 REG: x VALUE: 0xxxxx
INUM:      789 PC: 0x0315 REG: x VALUE: 0xxxxx
INUM:      790 PC: 0x0316 REG: x VALUE: 0xxxxx
INUM:      791 PC: 0x0317 REG: x VALUE: 0xxxxx
INUM:      792 PC: 0x0318 REG: x VALUE: 0xxxxx
INUM:      793 PC: 0x0319 REG: x VALUE: 0xxxxx
INUM:      794 PC: 0x031a REG: x VALUE: 0xxxxx
INUM:      795 PC: 0x031b REG: x VALUE: 0xxxxx
INUM:      796 PC: 0x031c REG: x VALUE: 0xxxxx
INUM:      797 PC: 0x031d REG: x VALUE: 0xxxxx
INUM:      798 PC: 0x031e REG: x VALUE: 0xxxxx
INUM:      799 PC: 0x031f REG: x VALUE: 0xxxxx
INUM:      800 PC: 0x0320 REG: x VALUE: 0xxxxx
INUM:      801 PC: 0x0321 REG: x VALUE: 0xxxxx
INUM:      802 PC: 0x0322 REG: x VALUE: 0xxxxx
INUM:      803 PC: 0x0323 REG: x VALUE: 0xxxxx
INUM:      804 PC: 0x0324 REG: x VALUE: 0xxxxx
INUM:      805 PC: 0x0325 REG: x VALUE: 0xxxxx
INUM:      806 PC: 0x0326 REG: x VALUE: 0xxxxx
INUM:      807 PC: 0x0327 REG: x VALUE: 0xxxxx
INUM:      808 PC: 0x0328 REG: x VALUE: 0xxxxx
INUM:      809 PC: 0x0329 REG: x VALUE: 0xxxxx
INUM:      810 PC: 0x032a REG: x VALUE: 0xxxxx
INUM:      811 PC: 0x032b REG: x VALUE: 0xxxxx
INUM:      812 PC: 0x032c REG: x VALUE: 0xxxxx
INUM:      813 PC: 0x032d REG: x VALUE: 0xxxxx
INUM:      814 PC: 0x032e REG: x VALUE: 0xxxxx
INUM:      815 PC: 0x032f REG: x VALUE: 0xxxxx
INUM:      816 PC: 0x0330 REG: x VALUE: 0xxxxx
INUM:      817 PC: 0x0331 REG: x VALUE: 0xxxxx
INUM:      818 PC: 0x0332 REG: x VALUE: 0xxxxx
INUM:      819 PC: 0x0333 REG: x VALUE: 0xxxxx
INUM:      820 PC: 0x0334 REG: x VALUE: 0xxxxx
INUM:      821 PC: 0x0335 REG: x VALUE: 0xxxxx
INUM:      822 PC: 0x0336 REG: x VALUE: 0xxxxx
INUM:      823 PC: 0x0337 REG: x VALUE: 0xxxxx
INUM:      824 PC: 0x0338 REG: x VALUE: 0xxxxx
INUM:      825 PC: 0x0339 REG: x VALUE: 0xxxxx
INUM:      826 PC: 0x033a REG: x VALUE: 0xxxxx
INUM:      827 PC: 0x033b REG: x VALUE: 0xxxxx
INUM:      828 PC: 0x033c REG: x VALUE: 0xxxxx
INUM:      829 PC: 0x033d REG: x VALUE: 0xxxxx
INUM:      830 PC: 0x033e REG: x VALUE: 0xxxxx
INUM:      831 PC: 0x033f REG: x VALUE: 0xxxxx
INUM:      832 PC: 0x0340 REG: x VALUE: 0xxxxx
INUM:      833 PC: 0x0341 REG: x VALUE: 0xxxxx
INUM:      834 PC: 0x0342 REG: x VALUE: 0xxxxx
INUM:      835 PC: 0x0343 REG: x VALUE: 0xxxxx
INUM:      836 PC: 0x0344 REG: x VALUE: 0xxxxx
INUM:      837 PC: 0x0345 REG: x VALUE: 0xxxxx
INUM:      838 PC: 0x0346 REG: x VALUE: 0xxxxx
INUM:      839 PC: 0x0347 REG: x VALUE: 0xxxxx
INUM:      840 PC: 0x0348 REG: x VALUE: 0xxxxx
INUM:      841 PC: 0x0349 REG: x VALUE: 0xxxxx
INUM:      842 PC: 0x034a REG: x VALUE: 0xxxxx
INUM:      843 PC: 0x034b REG: x VALUE: 0xxxxx
INUM:      844 PC: 0x034c REG: x VALUE: 0xxxxx
INUM:      845 PC: 0x034d REG: x VALUE: 0xxxxx
INUM:      846 PC: 0x034e REG: x VALUE: 0xxxxx
INUM:      847 PC: 0x034f REG: x VALUE: 0xxxxx
INUM:      848 PC: 0x0350 REG: x VALUE: 0xxxxx
INUM:      849 PC: 0x0351 REG: x VALUE: 0xxxxx
INUM:      850 PC: 0x0352 REG: x VALUE: 0xxxxx
INUM:      851 PC: 0x0353 REG: x VALUE: 0xxxxx
INUM:      852 PC: 0x0354 REG: x VALUE: 0xxxxx
INUM:      853 PC: 0x0355 REG: x VALUE: 0xxxxx
INUM:      854 PC: 0x0356 REG: x VALUE: 0xxxxx
INUM:      855 PC: 0x0357 REG: x VALUE: 0xxxxx
INUM:      856 PC: 0x0358 REG: x VALUE: 0xxxxx
INUM:      857 PC: 0x0359 REG: x VALUE: 0xxxxx
INUM:      858 PC: 0x035a REG: x VALUE: 0xxxxx
INUM:      859 PC: 0x035b REG: x VALUE: 0xxxxx
INUM:      860 PC: 0x035c REG: x VALUE: 0xxxxx
INUM:      861 PC: 0x035d REG: x VALUE: 0xxxxx
INUM:      862 PC: 0x035e REG: x VALUE: 0xxxxx
INUM:      863 PC: 0x035f REG: x VALUE: 0xxxxx
INUM:      864 PC: 0x0360 REG: x VALUE: 0xxxxx
INUM:      865 PC: 0x0361 REG: x VALUE: 0xxxxx
INUM:      866 PC: 0x0362 REG: x VALUE: 0xxxxx
INUM:      867 PC: 0x0363 REG: x VALUE: 0xxxxx
INUM:      868 PC: 0x0364 REG: x VALUE: 0xxxxx
INUM:      869 PC: 0x0365 REG: x VALUE: 0xxxxx
INUM:      870 PC: 0x0366 REG: x VALUE: 0xxxxx
INUM:      871 PC: 0x0367 REG: x VALUE: 0xxxxx
INUM:      872 PC: 0x0368 REG: x VALUE: 0xxxxx
INUM:      873 PC: 0x0369 REG: x VALUE: 0xxxxx
INUM:      874 PC: 0x036a REG: x VALUE: 0xxxxx
INUM:      875 PC: 0x036b REG: x VALUE: 0xxxxx
INUM:      876 PC: 0x036c REG: x VALUE: 0xxxxx
INUM:      877 PC: 0x036d REG: x VALUE: 0xxxxx
INUM:      878 PC: 0x036e REG: x VALUE: 0xxxxx
INUM:      879 PC: 0x036f REG: x VALUE: 0xxxxx
INUM:      880 PC: 0x0370 REG: x VALUE: 0xxxxx
INUM:      881 PC: 0x0371 REG: x VALUE: 0xxxxx
INUM:      882 PC: 0x0372 REG: x VALUE: 0xxxxx
INUM:      883 PC: 0x0373 REG: x VALUE: 0xxxxx
INUM:      884 PC: 0x0374 REG: x VALUE: 0xxxxx
INUM:      885 PC: 0x0375 REG: x VALUE: 0xxxxx
INUM:      886 PC: 0x0376 REG: x VALUE: 0xxxxx
INUM:      887 PC: 0x0377 REG: x VALUE: 0xxxxx
INUM:      888 PC: 0x0378 REG: x VALUE: 0xxxxx
INUM:      889 PC: 0x0379 REG: x VALUE: 0xxxxx
INUM:      890 PC: 0x037a REG: x VALUE: 0xxxxx
INUM:      891 PC: 0x037b REG: x VALUE: 0xxxxx
INUM:      892 PC: 0x037c REG: x VALUE: 0xxxxx
INUM:      893 PC: 0x037d REG: x VALUE: 0xxxxx
INUM:      894 PC: 0x037e REG: x VALUE: 0xxxxx
INUM:      895 PC: 0x037f REG: x VALUE: 0xxxxx
INUM:      896 PC: 0x0380 REG: x VALUE: 0xxxxx
INUM:      897 PC: 0x0381 REG: x VALUE: 0xxxxx
INUM:      898 PC: 0x0382 REG: x VALUE: 0xxxxx
INUM:      899 PC: 0x0383 REG: x VALUE: 0xxxxx
INUM:      900 PC: 0x0384 REG: x VALUE: 0xxxxx
INUM:      901 PC: 0x0385 REG: x VALUE: 0xxxxx
INUM:      902 PC: 0x0386 REG: x VALUE: 0xxxxx
INUM:      903 PC: 0x0387 REG: x VALUE: 0xxxxx
INUM:      904 PC: 0x0388 REG: x VALUE: 0xxxxx
INUM:      905 PC: 0x0389 REG: x VALUE: 0xxxxx
INUM:      906 PC: 0x038a REG: x VALUE: 0xxxxx
INUM:      907 PC: 0x038b REG: x VALUE: 0xxxxx
INUM:      908 PC: 0x038c REG: x VALUE: 0xxxxx
INUM:      909 PC: 0x038d REG: x VALUE: 0xxxxx
INUM:      910 PC: 0x038e REG: x VALUE: 0xxxxx
INUM:      911 PC: 0x038f REG: x VALUE: 0xxxxx
INUM:      912 PC: 0x0390 REG: x VALUE: 0xxxxx
INUM:      913 PC: 0x0391 REG: x VALUE: 0xxxxx
INUM:      914 PC: 0x0392 REG: x VALUE: 0xxxxx
INUM:      915 PC: 0x0393 REG: x VALUE: 0xxxxx
INUM:      916 PC: 0x0394 REG: x VALUE: 0xxxxx
INUM:      917 PC: 0x0395 REG: x VALUE: 0xxxxx
INUM:      918 PC: 0x0396 REG: x VALUE: 0xxxxx
INUM:      919 PC: 0x0397 REG: x VALUE: 0xxxxx
INUM:      920 PC: 0x0398 REG: x VALUE: 0xxxxx
INUM:      921 PC: 0x0399 REG: x VALUE: 0xxxxx
INUM:      922 PC: 0x039a REG: x VALUE: 0xxxxx
INUM:      923 PC: 0x039b REG: x VALUE: 0xxxxx
INUM:      924 PC: 0x039c REG: x VALUE: 0xxxxx
INUM:      925 PC: 0x039d REG: x VALUE: 0xxxxx
INUM:      926 PC: 0x039e REG: x VALUE: 0xxxxx
INUM:      927 PC: 0x039f REG: x VALUE: 0xxxxx
INUM:      928 PC: 0x03a0 REG: x VALUE: 0xxxxx
INUM:      929 PC: 0x03a1 REG: x VALUE: 0xxxxx
INUM:      930 PC: 0x03a2 REG: x VALUE: 0xxxxx
INUM:      931 PC: 0x03a3 REG: x VALUE: 0xxxxx
INUM:      932 PC: 0x03a4 REG: x VALUE: 0xxxxx
INUM:      933 PC: 0x03a5 REG: x VALUE: 0xxxxx
INUM:      934 PC: 0x03a6 REG: x VALUE: 0xxxxx
INUM:      935 PC: 0x03a7 REG: x VALUE: 0xxxxx
INUM:      936 PC: 0x03a8 REG: x VALUE: 0xxxxx
INUM:      937 PC: 0x03a9 REG: x VALUE: 0xxxxx
INUM:      938 PC: 0x03aa REG: x VALUE: 0xxxxx
INUM:      939 PC: 0x03ab REG: x VALUE: 0xxxxx
INUM:      940 PC: 0x03ac REG: x VALUE: 0xxxxx
INUM:      941 PC: 0x03ad REG: x VALUE: 0xxxxx
INUM:      942 PC: 0x03ae REG: x VALUE: 0xxxxx
INUM:      943 PC: 0x03af REG: x VALUE: 0xxxxx
INUM:      944 PC: 0x03b0 REG: x VALUE: 0xxxxx
INUM:      945 PC: 0x03b1 REG: x VALUE: 0xxxxx
INUM:      946 PC: 0x03b2 REG: x VALUE: 0xxxxx
INUM:      947 PC: 0x03b3 REG: x VALUE: 0xxxxx
INUM:      948 PC: 0x03b4 REG: x VALUE: 0xxxxx
INUM:      949 PC: 0x03b5 REG: x VALUE: 0xxxxx
INUM:      950 PC: 0x03b6 REG: x VALUE: 0xxxxx
INUM:      951 PC: 0x03b7 REG: x VALUE: 0xxxxx
INUM:      952 PC: 0x03b8 REG: x VALUE: 0xxxxx
INUM:      953 PC: 0x03b9 REG: x VALUE: 0xxxxx
INUM:      954 PC: 0x03ba REG: x VALUE: 0xxxxx
INUM:      955 PC: 0x03bb REG: x VALUE: 0xxxxx
INUM:      956 PC: 0x03bc REG: x VALUE: 0xxxxx
INUM:      957 PC: 0x03bd REG: x VALUE: 0xxxxx
INUM:      958 PC: 0x03be REG: x VALUE: 0xxxxx
INUM:      959 PC: 0x03bf REG: x VALUE: 0xxxxx
INUM:      960 PC: 0x03c0 REG: x VALUE: 0xxxxx
INUM:      961 PC: 0x03c1 REG: x VALUE: 0xxxxx
INUM:      962 PC: 0x03c2 REG: x VALUE: 0xxxxx
INUM:      963 PC: 0x03c3 REG: x VALUE: 0xxxxx
INUM:      964 PC: 0x03c4 REG: x VALUE: 0xxxxx
INUM:      965 PC: 0x03c5 REG: x VALUE: 0xxxxx
INUM:      966 PC: 0x03c6 REG: x VALUE: 0xxxxx
INUM:      967 PC: 0x03c7 REG: x VALUE: 0xxxxx
INUM:      968 PC: 0x03c8 REG: x VALUE: 0xxxxx
INUM:      969 PC: 0x03c9 REG: x VALUE: 0xxxxx
INUM:      970 PC: 0x03ca REG: x VALUE: 0xxxxx
INUM:      971 PC: 0x03cb REG: x VALUE: 0xxxxx
INUM:      972 PC: 0x03cc REG: x VALUE: 0xxxxx
INUM:      973 PC: 0x03cd REG: x VALUE: 0xxxxx
INUM:      974 PC: 0x03ce REG: x VALUE: 0xxxxx
INUM:      975 PC: 0x03cf REG: x VALUE: 0xxxxx
INUM:      976 PC: 0x03d0 REG: x VALUE: 0xxxxx
INUM:      977 PC: 0x03d1 REG: x VALUE: 0xxxxx
INUM:      978 PC: 0x03d2 REG: x VALUE: 0xxxxx
INUM:      979 PC: 0x03d3 REG: x VALUE: 0xxxxx
INUM:      980 PC: 0x03d4 REG: x VALUE: 0xxxxx
INUM:      981 PC: 0x03d5 REG: x VALUE: 0xxxxx
INUM:      982 PC: 0x03d6 REG: x VALUE: 0xxxxx
INUM:      983 PC: 0x03d7 REG: x VALUE: 0xxxxx
INUM:      984 PC: 0x03d8 REG: x VALUE: 0xxxxx
INUM:      985 PC: 0x03d9 REG: x VALUE: 0xxxxx
INUM:      986 PC: 0x03da REG: x VALUE: 0xxxxx
INUM:      987 PC: 0x03db REG: x VALUE: 0xxxxx
INUM:      988 PC: 0x03dc REG: x VALUE: 0xxxxx
INUM:      989 PC: 0x03dd REG: x VALUE: 0xxxxx
INUM:      990 PC: 0x03de REG: x VALUE: 0xxxxx
INUM:      991 PC: 0x03df REG: x VALUE: 0xxxxx
INUM:      992 PC: 0x03e0 REG: x VALUE: 0xxxxx
INUM:      993 PC: 0x03e1 REG: x VALUE: 0xxxxx
INUM:      994 PC: 0x03e2 REG: x VALUE: 0xxxxx
INUM:      995 PC: 0x03e3 REG: x VALUE: 0xxxxx
INUM:      996 PC: 0x03e4 REG: x VALUE: 0xxxxx
INUM:      997 PC: 0x03e5 REG: x VALUE: 0xxxxx
INUM:      998 PC: 0x03e6 REG: x VALUE: 0xxxxx
INUM:      999 PC: 0x03e7 REG: x VALUE: 0xxxxx
INUM:     1000 PC: 0x03e8 REG: x VALUE: 0xxxxx
INUM:     1001 PC: 0x03e9 REG: x VALUE: 0xxxxx
INUM:     1002 PC: 0x03ea REG: x VALUE: 0xxxxx
INUM:     1003 PC: 0x03eb REG: x VALUE: 0xxxxx
INUM:     1004 PC: 0x03ec REG: x VALUE: 0xxxxx
INUM:     1005 PC: 0x03ed REG: x VALUE: 0xxxxx
INUM:     1006 PC: 0x03ee REG: x VALUE: 0xxxxx
INUM:     1007 PC: 0x03ef REG: x VALUE: 0xxxxx
INUM:     1008 PC: 0x03f0 REG: x VALUE: 0xxxxx
INUM:     1009 PC: 0x03f1 REG: x VALUE: 0xxxxx
INUM:     1010 PC: 0x03f2 REG: x VALUE: 0xxxxx
INUM:     1011 PC: 0x03f3 REG: x VALUE: 0xxxxx
INUM:     1012 PC: 0x03f4 REG: x VALUE: 0xxxxx
INUM:     1013 PC: 0x03f5 REG: x VALUE: 0xxxxx
INUM:     1014 PC: 0x03f6 REG: x VALUE: 0xxxxx
INUM:     1015 PC: 0x03f7 REG: x VALUE: 0xxxxx
INUM:     1016 PC: 0x03f8 REG: x VALUE: 0xxxxx
INUM:     1017 PC: 0x03f9 REG: x VALUE: 0xxxxx
INUM:     1018 PC: 0x03fa REG: x VALUE: 0xxxxx
INUM:     1019 PC: 0x03fb REG: x VALUE: 0xxxxx
INUM:     1020 PC: 0x03fc REG: x VALUE: 0xxxxx
INUM:     1021 PC: 0x03fd REG: x VALUE: 0xxxxx
INUM:     1022 PC: 0x03fe REG: x VALUE: 0xxxxx
INUM:     1023 PC: 0x03ff REG: x VALUE: 0xxxxx
INUM:     1024 PC: 0x0400 REG: x VALUE: 0xxxxx
INUM:     1025 PC: 0x0401 REG: x VALUE: 0xxxxx
INUM:     1026 PC: 0x0402 REG: x VALUE: 0xxxxx
INUM:     1027 PC: 0x0403 REG: x VALUE: 0xxxxx
INUM:     1028 PC: 0x0404 REG: x VALUE: 0xxxxx
INUM:     1029 PC: 0x0405 REG: x VALUE: 0xxxxx
INUM:     1030 PC: 0x0406 REG: x VALUE: 0xxxxx
INUM:     1031 PC: 0x0407 REG: x VALUE: 0xxxxx
INUM:     1032 PC: 0x0408 REG: x VALUE: 0xxxxx
INUM:     1033 PC: 0x0409 REG: x VALUE: 0xxxxx
INUM:     1034 PC: 0x040a REG: x VALUE: 0xxxxx
INUM:     1035 PC: 0x040b REG: x VALUE: 0xxxxx
INUM:     1036 PC: 0x040c REG: x VALUE: 0xxxxx
INUM:     1037 PC: 0x040d REG: x VALUE: 0xxxxx
INUM:     1038 PC: 0x040e REG: x VALUE: 0xxxxx
INUM:     1039 PC: 0x040f REG: x VALUE: 0xxxxx
INUM:     1040 PC: 0x0410 REG: x VALUE: 0xxxxx
INUM:     1041 PC: 0x0411 REG: x VALUE: 0xxxxx
INUM:     1042 PC: 0x0412 REG: x VALUE: 0xxxxx
INUM:     1043 PC: 0x0413 REG: x VALUE: 0xxxxx
INUM:     1044 PC: 0x0414 REG: x VALUE: 0xxxxx
INUM:     1045 PC: 0x0415 REG: x VALUE: 0xxxxx
INUM:     1046 PC: 0x0416 REG: x VALUE: 0xxxxx
INUM:     1047 PC: 0x0417 REG: x VALUE: 0xxxxx
INUM:     1048 PC: 0x0418 REG: x VALUE: 0xxxxx
INUM:     1049 PC: 0x0419 REG: x VALUE: 0xxxxx
INUM:     1050 PC: 0x041a REG: x VALUE: 0xxxxx
INUM:     1051 PC: 0x041b REG: x VALUE: 0xxxxx
INUM:     1052 PC: 0x041c REG: x VALUE: 0xxxxx
INUM:     1053 PC: 0x041d REG: x VALUE: 0xxxxx
INUM:     1054 PC: 0x041e REG: x VALUE: 0xxxxx
INUM:     1055 PC: 0x041f REG: x VALUE: 0xxxxx
INUM:     1056 PC: 0x0420 REG: x VALUE: 0xxxxx
INUM:     1057 PC: 0x0421 REG: x VALUE: 0xxxxx
INUM:     1058 PC: 0x0422 REG: x VALUE: 0xxxxx
INUM:     1059 PC: 0x0423 REG: x VALUE: 0xxxxx
INUM:     1060 PC: 0x0424 REG: x VALUE: 0xxxxx
INUM:     1061 PC: 0x0425 REG: x VALUE: 0xxxxx
INUM:     1062 PC: 0x0426 REG: x VALUE: 0xxxxx
INUM:     1063 PC: 0x0427 REG: x VALUE: 0xxxxx
INUM:     1064 PC: 0x0428 REG: x VALUE: 0xxxxx
INUM:     1065 PC: 0x0429 REG: x VALUE: 0xxxxx
INUM:     1066 PC: 0x042a REG: x VALUE: 0xxxxx
INUM:     1067 PC: 0x042b REG: x VALUE: 0xxxxx
INUM:     1068 PC: 0x042c REG: x VALUE: 0xxxxx
INUM:     1069 PC: 0x042d REG: x VALUE: 0xxxxx
INUM:     1070 PC: 0x042e REG: x VALUE: 0xxxxx
INUM:     1071 PC: 0x042f REG: x VALUE: 0xxxxx
INUM:     1072 PC: 0x0430 REG: x VALUE: 0xxxxx
INUM:     1073 PC: 0x0431 REG: x VALUE: 0xxxxx
INUM:     1074 PC: 0x0432 REG: x VALUE: 0xxxxx
INUM:     1075 PC: 0x0433 REG: x VALUE: 0xxxxx
INUM:     1076 PC: 0x0434 REG: x VALUE: 0xxxxx
INUM:     1077 PC: 0x0435 REG: x VALUE: 0xxxxx
INUM:     1078 PC: 0x0436 REG: x VALUE: 0xxxxx
INUM:     1079 PC: 0x0437 REG: x VALUE: 0xxxxx
INUM:     1080 PC: 0x0438 REG: x VALUE: 0xxxxx
INUM:     1081 PC: 0x0439 REG: x VALUE: 0xxxxx
INUM:     1082 PC: 0x043a REG: x VALUE: 0xxxxx
INUM:     1083 PC: 0x043b REG: x VALUE: 0xxxxx
INUM:     1084 PC: 0x043c REG: x VALUE: 0xxxxx
INUM:     1085 PC: 0x043d REG: x VALUE: 0xxxxx
INUM:     1086 PC: 0x043e REG: x VALUE: 0xxxxx
INUM:     1087 PC: 0x043f REG: x VALUE: 0xxxxx
INUM:     1088 PC: 0x0440 REG: x VALUE: 0xxxxx
INUM:     1089 PC: 0x0441 REG: x VALUE: 0xxxxx
INUM:     1090 PC: 0x0442 REG: x VALUE: 0xxxxx
INUM:     1091 PC: 0x0443 REG: x VALUE: 0xxxxx
INUM:     1092 PC: 0x0444 REG: x VALUE: 0xxxxx
INUM:     1093 PC: 0x0445 REG: x VALUE: 0xxxxx
INUM:     1094 PC: 0x0446 REG: x VALUE: 0xxxxx
INUM:     1095 PC: 0x0447 REG: x VALUE: 0xxxxx
INUM:     1096 PC: 0x0448 REG: x VALUE: 0xxxxx
INUM:     1097 PC: 0x0449 REG: x VALUE: 0xxxxx
INUM:     1098 PC: 0x044a REG: x VALUE: 0xxxxx
INUM:     1099 PC: 0x044b REG: x VALUE: 0xxxxx
INUM:     1100 PC: 0x044c REG: x VALUE: 0xxxxx
INUM:     1101 PC: 0x044d REG: x VALUE: 0xxxxx
INUM:     1102 PC: 0x044e REG: x VALUE: 0xxxxx
INUM:     1103 PC: 0x044f REG: x VALUE: 0xxxxx
INUM:     1104 PC: 0x0450 REG: x VALUE: 0xxxxx
INUM:     1105 PC: 0x0451 REG: x VALUE: 0xxxxx
INUM:     1106 PC: 0x0452 REG: x VALUE: 0xxxxx
INUM:     1107 PC: 0x0453 REG: x VALUE: 0xxxxx
INUM:     1108 PC: 0x0454 REG: x VALUE: 0xxxxx
INUM:     1109 PC: 0x0455 REG: x VALUE: 0xxxxx
INUM:     1110 PC: 0x0456 REG: x VALUE: 0xxxxx
INUM:     1111 PC: 0x0457 REG: x VALUE: 0xxxxx
INUM:     1112 PC: 0x0458 REG: x VALUE: 0xxxxx
INUM:     1113 PC: 0x0459 REG: x VALUE: 0xxxxx
INUM:     1114 PC: 0x045a REG: x VALUE: 0xxxxx
INUM:     1115 PC: 0x045b REG: x VALUE: 0xxxxx
INUM:     1116 PC: 0x045c REG: x VALUE: 0xxxxx
INUM:     1117 PC: 0x045d REG: x VALUE: 0xxxxx
INUM:     1118 PC: 0x045e REG: x VALUE: 0xxxxx
INUM:     1119 PC: 0x045f REG: x VALUE: 0xxxxx
INUM:     1120 PC: 0x0460 REG: x VALUE: 0xxxxx
INUM:     1121 PC: 0x0461 REG: x VALUE: 0xxxxx
INUM:     1122 PC: 0x0462 REG: x VALUE: 0xxxxx
INUM:     1123 PC: 0x0463 REG: x VALUE: 0xxxxx
INUM:     1124 PC: 0x0464 REG: x VALUE: 0xxxxx
INUM:     1125 PC: 0x0465 REG: x VALUE: 0xxxxx
INUM:     1126 PC: 0x0466 REG: x VALUE: 0xxxxx
INUM:     1127 PC: 0x0467 REG: x VALUE: 0xxxxx
INUM:     1128 PC: 0x0468 REG: x VALUE: 0xxxxx
INUM:     1129 PC: 0x0469 REG: x VALUE: 0xxxxx
INUM:     1130 PC: 0x046a REG: x VALUE: 0xxxxx
INUM:     1131 PC: 0x046b REG: x VALUE: 0xxxxx
INUM:     1132 PC: 0x046c REG: x VALUE: 0xxxxx
INUM:     1133 PC: 0x046d REG: x VALUE: 0xxxxx
INUM:     1134 PC: 0x046e REG: x VALUE: 0xxxxx
INUM:     1135 PC: 0x046f REG: x VALUE: 0xxxxx
INUM:     1136 PC: 0x0470 REG: x VALUE: 0xxxxx
INUM:     1137 PC: 0x0471 REG: x VALUE: 0xxxxx
INUM:     1138 PC: 0x0472 REG: x VALUE: 0xxxxx
INUM:     1139 PC: 0x0473 REG: x VALUE: 0xxxxx
INUM:     1140 PC: 0x0474 REG: x VALUE: 0xxxxx
INUM:     1141 PC: 0x0475 REG: x VALUE: 0xxxxx
INUM:     1142 PC: 0x0476 REG: x VALUE: 0xxxxx
INUM:     1143 PC: 0x0477 REG: x VALUE: 0xxxxx
INUM:     1144 PC: 0x0478 REG: x VALUE: 0xxxxx
INUM:     1145 PC: 0x0479 REG: x VALUE: 0xxxxx
INUM:     1146 PC: 0x047a REG: x VALUE: 0xxxxx
INUM:     1147 PC: 0x047b REG: x VALUE: 0xxxxx
INUM:     1148 PC: 0x047c REG: x VALUE: 0xxxxx
INUM:     1149 PC: 0x047d REG: x VALUE: 0xxxxx
INUM:     1150 PC: 0x047e REG: x VALUE: 0xxxxx
INUM:     1151 PC: 0x047f REG: x VALUE: 0xxxxx
INUM:     1152 PC: 0x0480 REG: x VALUE: 0xxxxx
INUM:     1153 PC: 0x0481 REG: x VALUE: 0xxxxx
INUM:     1154 PC: 0x0482 REG: x VALUE: 0xxxxx
INUM:     1155 PC: 0x0483 REG: x VALUE: 0xxxxx
INUM:     1156 PC: 0x0484 REG: x VALUE: 0xxxxx
INUM:     1157 PC: 0x0485 REG: x VALUE: 0xxxxx
INUM:     1158 PC: 0x0486 REG: x VALUE: 0xxxxx
INUM:     1159 PC: 0x0487 REG: x VALUE: 0xxxxx
INUM:     1160 PC: 0x0488 REG: x VALUE: 0xxxxx
INUM:     1161 PC: 0x0489 REG: x VALUE: 0xxxxx
INUM:     1162 PC: 0x048a REG: x VALUE: 0xxxxx
INUM:     1163 PC: 0x048b REG: x VALUE: 0xxxxx
INUM:     1164 PC: 0x048c REG: x VALUE: 0xxxxx
INUM:     1165 PC: 0x048d REG: x VALUE: 0xxxxx
INUM:     1166 PC: 0x048e REG: x VALUE: 0xxxxx
INUM:     1167 PC: 0x048f REG: x VALUE: 0xxxxx
INUM:     1168 PC: 0x0490 REG: x VALUE: 0xxxxx
INUM:     1169 PC: 0x0491 REG: x VALUE: 0xxxxx
INUM:     1170 PC: 0x0492 REG: x VALUE: 0xxxxx
INUM:     1171 PC: 0x0493 REG: x VALUE: 0xxxxx
INUM:     1172 PC: 0x0494 REG: x VALUE: 0xxxxx
INUM:     1173 PC: 0x0495 REG: x VALUE: 0xxxxx
INUM:     1174 PC: 0x0496 REG: x VALUE: 0xxxxx
INUM:     1175 PC: 0x0497 REG: x VALUE: 0xxxxx
INUM:     1176 PC: 0x0498 REG: x VALUE: 0xxxxx
INUM:     1177 PC: 0x0499 REG: x VALUE: 0xxxxx
INUM:     1178 PC: 0x049a REG: x VALUE: 0xxxxx
INUM:     1179 PC: 0x049b REG: x VALUE: 0xxxxx
INUM:     1180 PC: 0x049c REG: x VALUE: 0xxxxx
INUM:     1181 PC: 0x049d REG: x VALUE: 0xxxxx
INUM:     1182 PC: 0x049e REG: x VALUE: 0xxxxx
INUM:     1183 PC: 0x049f REG: x VALUE: 0xxxxx
INUM:     1184 PC: 0x04a0 REG: x VALUE: 0xxxxx
INUM:     1185 PC: 0x04a1 REG: x VALUE: 0xxxxx
INUM:     1186 PC: 0x04a2 REG: x VALUE: 0xxxxx
INUM:     1187 PC: 0x04a3 REG: x VALUE: 0xxxxx
INUM:     1188 PC: 0x04a4 REG: x VALUE: 0xxxxx
INUM:     1189 PC: 0x04a5 REG: x VALUE: 0xxxxx
INUM:     1190 PC: 0x04a6 REG: x VALUE: 0xxxxx
INUM:     1191 PC: 0x04a7 REG: x VALUE: 0xxxxx
INUM:     1192 PC: 0x04a8 REG: x VALUE: 0xxxxx
INUM:     1193 PC: 0x04a9 REG: x VALUE: 0xxxxx
INUM:     1194 PC: 0x04aa REG: x VALUE: 0xxxxx
INUM:     1195 PC: 0x04ab REG: x VALUE: 0xxxxx
INUM:     1196 PC: 0x04ac REG: x VALUE: 0xxxxx
INUM:     1197 PC: 0x04ad REG: x VALUE: 0xxxxx
INUM:     1198 PC: 0x04ae REG: x VALUE: 0xxxxx
INUM:     1199 PC: 0x04af REG: x VALUE: 0xxxxx
INUM:     1200 PC: 0x04b0 REG: x VALUE: 0xxxxx
INUM:     1201 PC: 0x04b1 REG: x VALUE: 0xxxxx
INUM:     1202 PC: 0x04b2 REG: x VALUE: 0xxxxx
INUM:     1203 PC: 0x04b3 REG: x VALUE: 0xxxxx
INUM:     1204 PC: 0x04b4 REG: x VALUE: 0xxxxx
INUM:     1205 PC: 0x04b5 REG: x VALUE: 0xxxxx
INUM:     1206 PC: 0x04b6 REG: x VALUE: 0xxxxx
INUM:     1207 PC: 0x04b7 REG: x VALUE: 0xxxxx
INUM:     1208 PC: 0x04b8 REG: x VALUE: 0xxxxx
INUM:     1209 PC: 0x04b9 REG: x VALUE: 0xxxxx
INUM:     1210 PC: 0x04ba REG: x VALUE: 0xxxxx
INUM:     1211 PC: 0x04bb REG: x VALUE: 0xxxxx
INUM:     1212 PC: 0x04bc REG: x VALUE: 0xxxxx
INUM:     1213 PC: 0x04bd REG: x VALUE: 0xxxxx
INUM:     1214 PC: 0x04be REG: x VALUE: 0xxxxx
INUM:     1215 PC: 0x04bf REG: x VALUE: 0xxxxx
INUM:     1216 PC: 0x04c0 REG: x VALUE: 0xxxxx
INUM:     1217 PC: 0x04c1 REG: x VALUE: 0xxxxx
INUM:     1218 PC: 0x04c2 REG: x VALUE: 0xxxxx
INUM:     1219 PC: 0x04c3 REG: x VALUE: 0xxxxx
INUM:     1220 PC: 0x04c4 REG: x VALUE: 0xxxxx
INUM:     1221 PC: 0x04c5 REG: x VALUE: 0xxxxx
INUM:     1222 PC: 0x04c6 REG: x VALUE: 0xxxxx
INUM:     1223 PC: 0x04c7 REG: x VALUE: 0xxxxx
INUM:     1224 PC: 0x04c8 REG: x VALUE: 0xxxxx
INUM:     1225 PC: 0x04c9 REG: x VALUE: 0xxxxx
INUM:     1226 PC: 0x04ca REG: x VALUE: 0xxxxx
INUM:     1227 PC: 0x04cb REG: x VALUE: 0xxxxx
INUM:     1228 PC: 0x04cc REG: x VALUE: 0xxxxx
INUM:     1229 PC: 0x04cd REG: x VALUE: 0xxxxx
INUM:     1230 PC: 0x04ce REG: x VALUE: 0xxxxx
INUM:     1231 PC: 0x04cf REG: x VALUE: 0xxxxx
INUM:     1232 PC: 0x04d0 REG: x VALUE: 0xxxxx
INUM:     1233 PC: 0x04d1 REG: x VALUE: 0xxxxx
INUM:     1234 PC: 0x04d2 REG: x VALUE: 0xxxxx
INUM:     1235 PC: 0x04d3 REG: x VALUE: 0xxxxx
INUM:     1236 PC: 0x04d4 REG: x VALUE: 0xxxxx
INUM:     1237 PC: 0x04d5 REG: x VALUE: 0xxxxx
INUM:     1238 PC: 0x04d6 REG: x VALUE: 0xxxxx
INUM:     1239 PC: 0x04d7 REG: x VALUE: 0xxxxx
INUM:     1240 PC: 0x04d8 REG: x VALUE: 0xxxxx
INUM:     1241 PC: 0x04d9 REG: x VALUE: 0xxxxx
INUM:     1242 PC: 0x04da REG: x VALUE: 0xxxxx
INUM:     1243 PC: 0x04db REG: x VALUE: 0xxxxx
INUM:     1244 PC: 0x04dc REG: x VALUE: 0xxxxx
INUM:     1245 PC: 0x04dd REG: x VALUE: 0xxxxx
INUM:     1246 PC: 0x04de REG: x VALUE: 0xxxxx
INUM:     1247 PC: 0x04df REG: x VALUE: 0xxxxx
INUM:     1248 PC: 0x04e0 REG: x VALUE: 0xxxxx
INUM:     1249 PC: 0x04e1 REG: x VALUE: 0xxxxx
INUM:     1250 PC: 0x04e2 REG: x VALUE: 0xxxxx
INUM:     1251 PC: 0x04e3 REG: x VALUE: 0xxxxx
INUM:     1252 PC: 0x04e4 REG: x VALUE: 0xxxxx
INUM:     1253 PC: 0x04e5 REG: x VALUE: 0xxxxx
INUM:     1254 PC: 0x04e6 REG: x VALUE: 0xxxxx
INUM:     1255 PC: 0x04e7 REG: x VALUE: 0xxxxx
INUM:     1256 PC: 0x04e8 REG: x VALUE: 0xxxxx
INUM:     1257 PC: 0x04e9 REG: x VALUE: 0xxxxx
INUM:     1258 PC: 0x04ea REG: x VALUE: 0xxxxx
INUM:     1259 PC: 0x04eb REG: x VALUE: 0xxxxx
INUM:     1260 PC: 0x04ec REG: x VALUE: 0xxxxx
INUM:     1261 PC: 0x04ed REG: x VALUE: 0xxxxx
INUM:     1262 PC: 0x04ee REG: x VALUE: 0xxxxx
INUM:     1263 PC: 0x04ef REG: x VALUE: 0xxxxx
INUM:     1264 PC: 0x04f0 REG: x VALUE: 0xxxxx
INUM:     1265 PC: 0x04f1 REG: x VALUE: 0xxxxx
INUM:     1266 PC: 0x04f2 REG: x VALUE: 0xxxxx
INUM:     1267 PC: 0x04f3 REG: x VALUE: 0xxxxx
INUM:     1268 PC: 0x04f4 REG: x VALUE: 0xxxxx
INUM:     1269 PC: 0x04f5 REG: x VALUE: 0xxxxx
INUM:     1270 PC: 0x04f6 REG: x VALUE: 0xxxxx
INUM:     1271 PC: 0x04f7 REG: x VALUE: 0xxxxx
INUM:     1272 PC: 0x04f8 REG: x VALUE: 0xxxxx
INUM:     1273 PC: 0x04f9 REG: x VALUE: 0xxxxx
INUM:     1274 PC: 0x04fa REG: x VALUE: 0xxxxx
INUM:     1275 PC: 0x04fb REG: x VALUE: 0xxxxx
INUM:     1276 PC: 0x04fc REG: x VALUE: 0xxxxx
INUM:     1277 PC: 0x04fd REG: x VALUE: 0xxxxx
INUM:     1278 PC: 0x04fe REG: x VALUE: 0xxxxx
INUM:     1279 PC: 0x04ff REG: x VALUE: 0xxxxx
INUM:     1280 PC: 0x0500 REG: x VALUE: 0xxxxx
INUM:     1281 PC: 0x0501 REG: x VALUE: 0xxxxx
INUM:     1282 PC: 0x0502 REG: x VALUE: 0xxxxx
INUM:     1283 PC: 0x0503 REG: x VALUE: 0xxxxx
INUM:     1284 PC: 0x0504 REG: x VALUE: 0xxxxx
INUM:     1285 PC: 0x0505 REG: x VALUE: 0xxxxx
INUM:     1286 PC: 0x0506 REG: x VALUE: 0xxxxx
INUM:     1287 PC: 0x0507 REG: x VALUE: 0xxxxx
INUM:     1288 PC: 0x0508 REG: x VALUE: 0xxxxx
INUM:     1289 PC: 0x0509 REG: x VALUE: 0xxxxx
INUM:     1290 PC: 0x050a REG: x VALUE: 0xxxxx
INUM:     1291 PC: 0x050b REG: x VALUE: 0xxxxx
INUM:     1292 PC: 0x050c REG: x VALUE: 0xxxxx
INUM:     1293 PC: 0x050d REG: x VALUE: 0xxxxx
INUM:     1294 PC: 0x050e REG: x VALUE: 0xxxxx
INUM:     1295 PC: 0x050f REG: x VALUE: 0xxxxx
INUM:     1296 PC: 0x0510 REG: x VALUE: 0xxxxx
INUM:     1297 PC: 0x0511 REG: x VALUE: 0xxxxx
INUM:     1298 PC: 0x0512 REG: x VALUE: 0xxxxx
INUM:     1299 PC: 0x0513 REG: x VALUE: 0xxxxx
INUM:     1300 PC: 0x0514 REG: x VALUE: 0xxxxx
INUM:     1301 PC: 0x0515 REG: x VALUE: 0xxxxx
INUM:     1302 PC: 0x0516 REG: x VALUE: 0xxxxx
INUM:     1303 PC: 0x0517 REG: x VALUE: 0xxxxx
INUM:     1304 PC: 0x0518 REG: x VALUE: 0xxxxx
INUM:     1305 PC: 0x0519 REG: x VALUE: 0xxxxx
INUM:     1306 PC: 0x051a REG: x VALUE: 0xxxxx
INUM:     1307 PC: 0x051b REG: x VALUE: 0xxxxx
INUM:     1308 PC: 0x051c REG: x VALUE: 0xxxxx
INUM:     1309 PC: 0x051d REG: x VALUE: 0xxxxx
INUM:     1310 PC: 0x051e REG: x VALUE: 0xxxxx
INUM:     1311 PC: 0x051f REG: x VALUE: 0xxxxx
INUM:     1312 PC: 0x0520 REG: x VALUE: 0xxxxx
INUM:     1313 PC: 0x0521 REG: x VALUE: 0xxxxx
INUM:     1314 PC: 0x0522 REG: x VALUE: 0xxxxx
INUM:     1315 PC: 0x0523 REG: x VALUE: 0xxxxx
INUM:     1316 PC: 0x0524 REG: x VALUE: 0xxxxx
INUM:     1317 PC: 0x0525 REG: x VALUE: 0xxxxx
INUM:     1318 PC: 0x0526 REG: x VALUE: 0xxxxx
INUM:     1319 PC: 0x0527 REG: x VALUE: 0xxxxx
INUM:     1320 PC: 0x0528 REG: x VALUE: 0xxxxx
INUM:     1321 PC: 0x0529 REG: x VALUE: 0xxxxx
INUM:     1322 PC: 0x052a REG: x VALUE: 0xxxxx
INUM:     1323 PC: 0x052b REG: x VALUE: 0xxxxx
INUM:     1324 PC: 0x052c REG: x VALUE: 0xxxxx
INUM:     1325 PC: 0x052d REG: x VALUE: 0xxxxx
INUM:     1326 PC: 0x052e REG: x VALUE: 0xxxxx
INUM:     1327 PC: 0x052f REG: x VALUE: 0xxxxx
INUM:     1328 PC: 0x0530 REG: x VALUE: 0xxxxx
INUM:     1329 PC: 0x0531 REG: x VALUE: 0xxxxx
INUM:     1330 PC: 0x0532 REG: x VALUE: 0xxxxx
INUM:     1331 PC: 0x0533 REG: x VALUE: 0xxxxx
INUM:     1332 PC: 0x0534 REG: x VALUE: 0xxxxx
INUM:     1333 PC: 0x0535 REG: x VALUE: 0xxxxx
INUM:     1334 PC: 0x0536 REG: x VALUE: 0xxxxx
INUM:     1335 PC: 0x0537 REG: x VALUE: 0xxxxx
INUM:     1336 PC: 0x0538 REG: x VALUE: 0xxxxx
INUM:     1337 PC: 0x0539 REG: x VALUE: 0xxxxx
INUM:     1338 PC: 0x053a REG: x VALUE: 0xxxxx
INUM:     1339 PC: 0x053b REG: x VALUE: 0xxxxx
INUM:     1340 PC: 0x053c REG: x VALUE: 0xxxxx
INUM:     1341 PC: 0x053d REG: x VALUE: 0xxxxx
INUM:     1342 PC: 0x053e REG: x VALUE: 0xxxxx
INUM:     1343 PC: 0x053f REG: x VALUE: 0xxxxx
INUM:     1344 PC: 0x0540 REG: x VALUE: 0xxxxx
INUM:     1345 PC: 0x0541 REG: x VALUE: 0xxxxx
INUM:     1346 PC: 0x0542 REG: x VALUE: 0xxxxx
INUM:     1347 PC: 0x0543 REG: x VALUE: 0xxxxx
INUM:     1348 PC: 0x0544 REG: x VALUE: 0xxxxx
INUM:     1349 PC: 0x0545 REG: x VALUE: 0xxxxx
INUM:     1350 PC: 0x0546 REG: x VALUE: 0xxxxx
INUM:     1351 PC: 0x0547 REG: x VALUE: 0xxxxx
INUM:     1352 PC: 0x0548 REG: x VALUE: 0xxxxx
INUM:     1353 PC: 0x0549 REG: x VALUE: 0xxxxx
INUM:     1354 PC: 0x054a REG: x VALUE: 0xxxxx
INUM:     1355 PC: 0x054b REG: x VALUE: 0xxxxx
INUM:     1356 PC: 0x054c REG: x VALUE: 0xxxxx
INUM:     1357 PC: 0x054d REG: x VALUE: 0xxxxx
INUM:     1358 PC: 0x054e REG: x VALUE: 0xxxxx
INUM:     1359 PC: 0x054f REG: x VALUE: 0xxxxx
INUM:     1360 PC: 0x0550 REG: x VALUE: 0xxxxx
INUM:     1361 PC: 0x0551 REG: x VALUE: 0xxxxx
INUM:     1362 PC: 0x0552 REG: x VALUE: 0xxxxx
INUM:     1363 PC: 0x0553 REG: x VALUE: 0xxxxx
INUM:     1364 PC: 0x0554 REG: x VALUE: 0xxxxx
INUM:     1365 PC: 0x0555 REG: x VALUE: 0xxxxx
INUM:     1366 PC: 0x0556 REG: x VALUE: 0xxxxx
INUM:     1367 PC: 0x0557 REG: x VALUE: 0xxxxx
INUM:     1368 PC: 0x0558 REG: x VALUE: 0xxxxx
INUM:     1369 PC: 0x0559 REG: x VALUE: 0xxxxx
INUM:     1370 PC: 0x055a REG: x VALUE: 0xxxxx
INUM:     1371 PC: 0x055b REG: x VALUE: 0xxxxx
INUM:     1372 PC: 0x055c REG: x VALUE: 0xxxxx
INUM:     1373 PC: 0x055d REG: x VALUE: 0xxxxx
INUM:     1374 PC: 0x055e REG: x VALUE: 0xxxxx
INUM:     1375 PC: 0x055f REG: x VALUE: 0xxxxx
INUM:     1376 PC: 0x0560 REG: x VALUE: 0xxxxx
INUM:     1377 PC: 0x0561 REG: x VALUE: 0xxxxx
INUM:     1378 PC: 0x0562 REG: x VALUE: 0xxxxx
INUM:     1379 PC: 0x0563 REG: x VALUE: 0xxxxx
INUM:     1380 PC: 0x0564 REG: x VALUE: 0xxxxx
INUM:     1381 PC: 0x0565 REG: x VALUE: 0xxxxx
INUM:     1382 PC: 0x0566 REG: x VALUE: 0xxxxx
INUM:     1383 PC: 0x0567 REG: x VALUE: 0xxxxx
INUM:     1384 PC: 0x0568 REG: x VALUE: 0xxxxx
INUM:     1385 PC: 0x0569 REG: x VALUE: 0xxxxx
INUM:     1386 PC: 0x056a REG: x VALUE: 0xxxxx
INUM:     1387 PC: 0x056b REG: x VALUE: 0xxxxx
INUM:     1388 PC: 0x056c REG: x VALUE: 0xxxxx
INUM:     1389 PC: 0x056d REG: x VALUE: 0xxxxx
INUM:     1390 PC: 0x056e REG: x VALUE: 0xxxxx
INUM:     1391 PC: 0x056f REG: x VALUE: 0xxxxx
INUM:     1392 PC: 0x0570 REG: x VALUE: 0xxxxx
INUM:     1393 PC: 0x0571 REG: x VALUE: 0xxxxx
INUM:     1394 PC: 0x0572 REG: x VALUE: 0xxxxx
INUM:     1395 PC: 0x0573 REG: x VALUE: 0xxxxx
INUM:     1396 PC: 0x0574 REG: x VALUE: 0xxxxx
INUM:     1397 PC: 0x0575 REG: x VALUE: 0xxxxx
INUM:     1398 PC: 0x0576 REG: x VALUE: 0xxxxx
INUM:     1399 PC: 0x0577 REG: x VALUE: 0xxxxx
INUM:     1400 PC: 0x0578 REG: x VALUE: 0xxxxx
INUM:     1401 PC: 0x0579 REG: x VALUE: 0xxxxx
INUM:     1402 PC: 0x057a REG: x VALUE: 0xxxxx
INUM:     1403 PC: 0x057b REG: x VALUE: 0xxxxx
INUM:     1404 PC: 0x057c REG: x VALUE: 0xxxxx
INUM:     1405 PC: 0x057d REG: x VALUE: 0xxxxx
INUM:     1406 PC: 0x057e REG: x VALUE: 0xxxxx
INUM:     1407 PC: 0x057f REG: x VALUE: 0xxxxx
INUM:     1408 PC: 0x0580 REG: x VALUE: 0xxxxx
INUM:     1409 PC: 0x0581 REG: x VALUE: 0xxxxx
INUM:     1410 PC: 0x0582 REG: x VALUE: 0xxxxx
INUM:     1411 PC: 0x0583 REG: x VALUE: 0xxxxx
INUM:     1412 PC: 0x0584 REG: x VALUE: 0xxxxx
INUM:     1413 PC: 0x0585 REG: x VALUE: 0xxxxx
INUM:     1414 PC: 0x0586 REG: x VALUE: 0xxxxx
INUM:     1415 PC: 0x0587 REG: x VALUE: 0xxxxx
INUM:     1416 PC: 0x0588 REG: x VALUE: 0xxxxx
INUM:     1417 PC: 0x0589 REG: x VALUE: 0xxxxx
INUM:     1418 PC: 0x058a REG: x VALUE: 0xxxxx
INUM:     1419 PC: 0x058b REG: x VALUE: 0xxxxx
INUM:     1420 PC: 0x058c REG: x VALUE: 0xxxxx
INUM:     1421 PC: 0x058d REG: x VALUE: 0xxxxx
INUM:     1422 PC: 0x058e REG: x VALUE: 0xxxxx
INUM:     1423 PC: 0x058f REG: x VALUE: 0xxxxx
INUM:     1424 PC: 0x0590 REG: x VALUE: 0xxxxx
INUM:     1425 PC: 0x0591 REG: x VALUE: 0xxxxx
INUM:     1426 PC: 0x0592 REG: x VALUE: 0xxxxx
INUM:     1427 PC: 0x0593 REG: x VALUE: 0xxxxx
INUM:     1428 PC: 0x0594 REG: x VALUE: 0xxxxx
INUM:     1429 PC: 0x0595 REG: x VALUE: 0xxxxx
INUM:     1430 PC: 0x0596 REG: x VALUE: 0xxxxx
INUM:     1431 PC: 0x0597 REG: x VALUE: 0xxxxx
INUM:     1432 PC: 0x0598 REG: x VALUE: 0xxxxx
INUM:     1433 PC: 0x0599 REG: x VALUE: 0xxxxx
INUM:     1434 PC: 0x059a REG: x VALUE: 0xxxxx
INUM:     1435 PC: 0x059b REG: x VALUE: 0xxxxx
INUM:     1436 PC: 0x059c REG: x VALUE: 0xxxxx
INUM:     1437 PC: 0x059d REG: x VALUE: 0xxxxx
INUM:     1438 PC: 0x059e REG: x VALUE: 0xxxxx
INUM:     1439 PC: 0x059f REG: x VALUE: 0xxxxx
INUM:     1440 PC: 0x05a0 REG: x VALUE: 0xxxxx
INUM:     1441 PC: 0x05a1 REG: x VALUE: 0xxxxx
INUM:     1442 PC: 0x05a2 REG: x VALUE: 0xxxxx
INUM:     1443 PC: 0x05a3 REG: x VALUE: 0xxxxx
INUM:     1444 PC: 0x05a4 REG: x VALUE: 0xxxxx
INUM:     1445 PC: 0x05a5 REG: x VALUE: 0xxxxx
INUM:     1446 PC: 0x05a6 REG: x VALUE: 0xxxxx
INUM:     1447 PC: 0x05a7 REG: x VALUE: 0xxxxx
INUM:     1448 PC: 0x05a8 REG: x VALUE: 0xxxxx
INUM:     1449 PC: 0x05a9 REG: x VALUE: 0xxxxx
INUM:     1450 PC: 0x05aa REG: x VALUE: 0xxxxx
INUM:     1451 PC: 0x05ab REG: x VALUE: 0xxxxx
INUM:     1452 PC: 0x05ac REG: x VALUE: 0xxxxx
INUM:     1453 PC: 0x05ad REG: x VALUE: 0xxxxx
INUM:     1454 PC: 0x05ae REG: x VALUE: 0xxxxx
INUM:     1455 PC: 0x05af REG: x VALUE: 0xxxxx
INUM:     1456 PC: 0x05b0 REG: x VALUE: 0xxxxx
INUM:     1457 PC: 0x05b1 REG: x VALUE: 0xxxxx
INUM:     1458 PC: 0x05b2 REG: x VALUE: 0xxxxx
INUM:     1459 PC: 0x05b3 REG: x VALUE: 0xxxxx
INUM:     1460 PC: 0x05b4 REG: x VALUE: 0xxxxx
INUM:     1461 PC: 0x05b5 REG: x VALUE: 0xxxxx
INUM:     1462 PC: 0x05b6 REG: x VALUE: 0xxxxx
INUM:     1463 PC: 0x05b7 REG: x VALUE: 0xxxxx
INUM:     1464 PC: 0x05b8 REG: x VALUE: 0xxxxx
INUM:     1465 PC: 0x05b9 REG: x VALUE: 0xxxxx
INUM:     1466 PC: 0x05ba REG: x VALUE: 0xxxxx
INUM:     1467 PC: 0x05bb REG: x VALUE: 0xxxxx
INUM:     1468 PC: 0x05bc REG: x VALUE: 0xxxxx
INUM:     1469 PC: 0x05bd REG: x VALUE: 0xxxxx
INUM:     1470 PC: 0x05be REG: x VALUE: 0xxxxx
INUM:     1471 PC: 0x05bf REG: x VALUE: 0xxxxx
INUM:     1472 PC: 0x05c0 REG: x VALUE: 0xxxxx
INUM:     1473 PC: 0x05c1 REG: x VALUE: 0xxxxx
INUM:     1474 PC: 0x05c2 REG: x VALUE: 0xxxxx
INUM:     1475 PC: 0x05c3 REG: x VALUE: 0xxxxx
INUM:     1476 PC: 0x05c4 REG: x VALUE: 0xxxxx
INUM:     1477 PC: 0x05c5 REG: x VALUE: 0xxxxx
INUM:     1478 PC: 0x05c6 REG: x VALUE: 0xxxxx
INUM:     1479 PC: 0x05c7 REG: x VALUE: 0xxxxx
INUM:     1480 PC: 0x05c8 REG: x VALUE: 0xxxxx
INUM:     1481 PC: 0x05c9 REG: x VALUE: 0xxxxx
INUM:     1482 PC: 0x05ca REG: x VALUE: 0xxxxx
INUM:     1483 PC: 0x05cb REG: x VALUE: 0xxxxx
INUM:     1484 PC: 0x05cc REG: x VALUE: 0xxxxx
INUM:     1485 PC: 0x05cd REG: x VALUE: 0xxxxx
INUM:     1486 PC: 0x05ce REG: x VALUE: 0xxxxx
INUM:     1487 PC: 0x05cf REG: x VALUE: 0xxxxx
INUM:     1488 PC: 0x05d0 REG: x VALUE: 0xxxxx
INUM:     1489 PC: 0x05d1 REG: x VALUE: 0xxxxx
INUM:     1490 PC: 0x05d2 REG: x VALUE: 0xxxxx
INUM:     1491 PC: 0x05d3 REG: x VALUE: 0xxxxx
INUM:     1492 PC: 0x05d4 REG: x VALUE: 0xxxxx
INUM:     1493 PC: 0x05d5 REG: x VALUE: 0xxxxx
INUM:     1494 PC: 0x05d6 REG: x VALUE: 0xxxxx
INUM:     1495 PC: 0x05d7 REG: x VALUE: 0xxxxx
INUM:     1496 PC: 0x05d8 REG: x VALUE: 0xxxxx
INUM:     1497 PC: 0x05d9 REG: x VALUE: 0xxxxx
INUM:     1498 PC: 0x05da REG: x VALUE: 0xxxxx
INUM:     1499 PC: 0x05db REG: x VALUE: 0xxxxx
INUM:     1500 PC: 0x05dc REG: x VALUE: 0xxxxx
INUM:     1501 PC: 0x05dd REG: x VALUE: 0xxxxx
INUM:     1502 PC: 0x05de REG: x VALUE: 0xxxxx
INUM:     1503 PC: 0x05df REG: x VALUE: 0xxxxx
INUM:     1504 PC: 0x05e0 REG: x VALUE: 0xxxxx
INUM:     1505 PC: 0x05e1 REG: x VALUE: 0xxxxx
INUM:     1506 PC: 0x05e2 REG: x VALUE: 0xxxxx
INUM:     1507 PC: 0x05e3 REG: x VALUE: 0xxxxx
INUM:     1508 PC: 0x05e4 REG: x VALUE: 0xxxxx
INUM:     1509 PC: 0x05e5 REG: x VALUE: 0xxxxx
INUM:     1510 PC: 0x05e6 REG: x VALUE: 0xxxxx
INUM:     1511 PC: 0x05e7 REG: x VALUE: 0xxxxx
INUM:     1512 PC: 0x05e8 REG: x VALUE: 0xxxxx
INUM:     1513 PC: 0x05e9 REG: x VALUE: 0xxxxx
INUM:     1514 PC: 0x05ea REG: x VALUE: 0xxxxx
INUM:     1515 PC: 0x05eb REG: x VALUE: 0xxxxx
INUM:     1516 PC: 0x05ec REG: x VALUE: 0xxxxx
INUM:     1517 PC: 0x05ed REG: x VALUE: 0xxxxx
INUM:     1518 PC: 0x05ee REG: x VALUE: 0xxxxx
INUM:     1519 PC: 0x05ef REG: x VALUE: 0xxxxx
INUM:     1520 PC: 0x05f0 REG: x VALUE: 0xxxxx
INUM:     1521 PC: 0x05f1 REG: x VALUE: 0xxxxx
INUM:     1522 PC: 0x05f2 REG: x VALUE: 0xxxxx
INUM:     1523 PC: 0x05f3 REG: x VALUE: 0xxxxx
INUM:     1524 PC: 0x05f4 REG: x VALUE: 0xxxxx
INUM:     1525 PC: 0x05f5 REG: x VALUE: 0xxxxx
INUM:     1526 PC: 0x05f6 REG: x VALUE: 0xxxxx
INUM:     1527 PC: 0x05f7 REG: x VALUE: 0xxxxx
INUM:     1528 PC: 0x05f8 REG: x VALUE: 0xxxxx
INUM:     1529 PC: 0x05f9 REG: x VALUE: 0xxxxx
INUM:     1530 PC: 0x05fa REG: x VALUE: 0xxxxx
INUM:     1531 PC: 0x05fb REG: x VALUE: 0xxxxx
INUM:     1532 PC: 0x05fc REG: x VALUE: 0xxxxx
INUM:     1533 PC: 0x05fd REG: x VALUE: 0xxxxx
INUM:     1534 PC: 0x05fe REG: x VALUE: 0xxxxx
INUM:     1535 PC: 0x05ff REG: x VALUE: 0xxxxx
INUM:     1536 PC: 0x0600 REG: x VALUE: 0xxxxx
INUM:     1537 PC: 0x0601 REG: x VALUE: 0xxxxx
INUM:     1538 PC: 0x0602 REG: x VALUE: 0xxxxx
INUM:     1539 PC: 0x0603 REG: x VALUE: 0xxxxx
INUM:     1540 PC: 0x0604 REG: x VALUE: 0xxxxx
INUM:     1541 PC: 0x0605 REG: x VALUE: 0xxxxx
INUM:     1542 PC: 0x0606 REG: x VALUE: 0xxxxx
INUM:     1543 PC: 0x0607 REG: x VALUE: 0xxxxx
INUM:     1544 PC: 0x0608 REG: x VALUE: 0xxxxx
INUM:     1545 PC: 0x0609 REG: x VALUE: 0xxxxx
INUM:     1546 PC: 0x060a REG: x VALUE: 0xxxxx
INUM:     1547 PC: 0x060b REG: x VALUE: 0xxxxx
INUM:     1548 PC: 0x060c REG: x VALUE: 0xxxxx
INUM:     1549 PC: 0x060d REG: x VALUE: 0xxxxx
INUM:     1550 PC: 0x060e REG: x VALUE: 0xxxxx
INUM:     1551 PC: 0x060f REG: x VALUE: 0xxxxx
INUM:     1552 PC: 0x0610 REG: x VALUE: 0xxxxx
INUM:     1553 PC: 0x0611 REG: x VALUE: 0xxxxx
INUM:     1554 PC: 0x0612 REG: x VALUE: 0xxxxx
INUM:     1555 PC: 0x0613 REG: x VALUE: 0xxxxx
INUM:     1556 PC: 0x0614 REG: x VALUE: 0xxxxx
INUM:     1557 PC: 0x0615 REG: x VALUE: 0xxxxx
INUM:     1558 PC: 0x0616 REG: x VALUE: 0xxxxx
INUM:     1559 PC: 0x0617 REG: x VALUE: 0xxxxx
INUM:     1560 PC: 0x0618 REG: x VALUE: 0xxxxx
INUM:     1561 PC: 0x0619 REG: x VALUE: 0xxxxx
INUM:     1562 PC: 0x061a REG: x VALUE: 0xxxxx
INUM:     1563 PC: 0x061b REG: x VALUE: 0xxxxx
INUM:     1564 PC: 0x061c REG: x VALUE: 0xxxxx
INUM:     1565 PC: 0x061d REG: x VALUE: 0xxxxx
INUM:     1566 PC: 0x061e REG: x VALUE: 0xxxxx
INUM:     1567 PC: 0x061f REG: x VALUE: 0xxxxx
INUM:     1568 PC: 0x0620 REG: x VALUE: 0xxxxx
INUM:     1569 PC: 0x0621 REG: x VALUE: 0xxxxx
INUM:     1570 PC: 0x0622 REG: x VALUE: 0xxxxx
INUM:     1571 PC: 0x0623 REG: x VALUE: 0xxxxx
INUM:     1572 PC: 0x0624 REG: x VALUE: 0xxxxx
INUM:     1573 PC: 0x0625 REG: x VALUE: 0xxxxx
INUM:     1574 PC: 0x0626 REG: x VALUE: 0xxxxx
INUM:     1575 PC: 0x0627 REG: x VALUE: 0xxxxx
INUM:     1576 PC: 0x0628 REG: x VALUE: 0xxxxx
INUM:     1577 PC: 0x0629 REG: x VALUE: 0xxxxx
INUM:     1578 PC: 0x062a REG: x VALUE: 0xxxxx
INUM:     1579 PC: 0x062b REG: x VALUE: 0xxxxx
INUM:     1580 PC: 0x062c REG: x VALUE: 0xxxxx
INUM:     1581 PC: 0x062d REG: x VALUE: 0xxxxx
INUM:     1582 PC: 0x062e REG: x VALUE: 0xxxxx
INUM:     1583 PC: 0x062f REG: x VALUE: 0xxxxx
INUM:     1584 PC: 0x0630 REG: x VALUE: 0xxxxx
INUM:     1585 PC: 0x0631 REG: x VALUE: 0xxxxx
INUM:     1586 PC: 0x0632 REG: x VALUE: 0xxxxx
INUM:     1587 PC: 0x0633 REG: x VALUE: 0xxxxx
INUM:     1588 PC: 0x0634 REG: x VALUE: 0xxxxx
INUM:     1589 PC: 0x0635 REG: x VALUE: 0xxxxx
INUM:     1590 PC: 0x0636 REG: x VALUE: 0xxxxx
INUM:     1591 PC: 0x0637 REG: x VALUE: 0xxxxx
INUM:     1592 PC: 0x0638 REG: x VALUE: 0xxxxx
INUM:     1593 PC: 0x0639 REG: x VALUE: 0xxxxx
INUM:     1594 PC: 0x063a REG: x VALUE: 0xxxxx
INUM:     1595 PC: 0x063b REG: x VALUE: 0xxxxx
INUM:     1596 PC: 0x063c REG: x VALUE: 0xxxxx
INUM:     1597 PC: 0x063d REG: x VALUE: 0xxxxx
INUM:     1598 PC: 0x063e REG: x VALUE: 0xxxxx
INUM:     1599 PC: 0x063f REG: x VALUE: 0xxxxx
INUM:     1600 PC: 0x0640 REG: x VALUE: 0xxxxx
INUM:     1601 PC: 0x0641 REG: x VALUE: 0xxxxx
INUM:     1602 PC: 0x0642 REG: x VALUE: 0xxxxx
INUM:     1603 PC: 0x0643 REG: x VALUE: 0xxxxx
INUM:     1604 PC: 0x0644 REG: x VALUE: 0xxxxx
INUM:     1605 PC: 0x0645 REG: x VALUE: 0xxxxx
INUM:     1606 PC: 0x0646 REG: x VALUE: 0xxxxx
INUM:     1607 PC: 0x0647 REG: x VALUE: 0xxxxx
INUM:     1608 PC: 0x0648 REG: x VALUE: 0xxxxx
INUM:     1609 PC: 0x0649 REG: x VALUE: 0xxxxx
INUM:     1610 PC: 0x064a REG: x VALUE: 0xxxxx
INUM:     1611 PC: 0x064b REG: x VALUE: 0xxxxx
INUM:     1612 PC: 0x064c REG: x VALUE: 0xxxxx
INUM:     1613 PC: 0x064d REG: x VALUE: 0xxxxx
INUM:     1614 PC: 0x064e REG: x VALUE: 0xxxxx
INUM:     1615 PC: 0x064f REG: x VALUE: 0xxxxx
INUM:     1616 PC: 0x0650 REG: x VALUE: 0xxxxx
INUM:     1617 PC: 0x0651 REG: x VALUE: 0xxxxx
INUM:     1618 PC: 0x0652 REG: x VALUE: 0xxxxx
INUM:     1619 PC: 0x0653 REG: x VALUE: 0xxxxx
INUM:     1620 PC: 0x0654 REG: x VALUE: 0xxxxx
INUM:     1621 PC: 0x0655 REG: x VALUE: 0xxxxx
INUM:     1622 PC: 0x0656 REG: x VALUE: 0xxxxx
INUM:     1623 PC: 0x0657 REG: x VALUE: 0xxxxx
INUM:     1624 PC: 0x0658 REG: x VALUE: 0xxxxx
INUM:     1625 PC: 0x0659 REG: x VALUE: 0xxxxx
INUM:     1626 PC: 0x065a REG: x VALUE: 0xxxxx
INUM:     1627 PC: 0x065b REG: x VALUE: 0xxxxx
INUM:     1628 PC: 0x065c REG: x VALUE: 0xxxxx
INUM:     1629 PC: 0x065d REG: x VALUE: 0xxxxx
INUM:     1630 PC: 0x065e REG: x VALUE: 0xxxxx
INUM:     1631 PC: 0x065f REG: x VALUE: 0xxxxx
INUM:     1632 PC: 0x0660 REG: x VALUE: 0xxxxx
INUM:     1633 PC: 0x0661 REG: x VALUE: 0xxxxx
INUM:     1634 PC: 0x0662 REG: x VALUE: 0xxxxx
INUM:     1635 PC: 0x0663 REG: x VALUE: 0xxxxx
INUM:     1636 PC: 0x0664 REG: x VALUE: 0xxxxx
INUM:     1637 PC: 0x0665 REG: x VALUE: 0xxxxx
INUM:     1638 PC: 0x0666 REG: x VALUE: 0xxxxx
INUM:     1639 PC: 0x0667 REG: x VALUE: 0xxxxx
INUM:     1640 PC: 0x0668 REG: x VALUE: 0xxxxx
INUM:     1641 PC: 0x0669 REG: x VALUE: 0xxxxx
INUM:     1642 PC: 0x066a REG: x VALUE: 0xxxxx
INUM:     1643 PC: 0x066b REG: x VALUE: 0xxxxx
INUM:     1644 PC: 0x066c REG: x VALUE: 0xxxxx
INUM:     1645 PC: 0x066d REG: x VALUE: 0xxxxx
INUM:     1646 PC: 0x066e REG: x VALUE: 0xxxxx
INUM:     1647 PC: 0x066f REG: x VALUE: 0xxxxx
INUM:     1648 PC: 0x0670 REG: x VALUE: 0xxxxx
INUM:     1649 PC: 0x0671 REG: x VALUE: 0xxxxx
INUM:     1650 PC: 0x0672 REG: x VALUE: 0xxxxx
INUM:     1651 PC: 0x0673 REG: x VALUE: 0xxxxx
INUM:     1652 PC: 0x0674 REG: x VALUE: 0xxxxx
INUM:     1653 PC: 0x0675 REG: x VALUE: 0xxxxx
INUM:     1654 PC: 0x0676 REG: x VALUE: 0xxxxx
INUM:     1655 PC: 0x0677 REG: x VALUE: 0xxxxx
INUM:     1656 PC: 0x0678 REG: x VALUE: 0xxxxx
INUM:     1657 PC: 0x0679 REG: x VALUE: 0xxxxx
INUM:     1658 PC: 0x067a REG: x VALUE: 0xxxxx
INUM:     1659 PC: 0x067b REG: x VALUE: 0xxxxx
INUM:     1660 PC: 0x067c REG: x VALUE: 0xxxxx
INUM:     1661 PC: 0x067d REG: x VALUE: 0xxxxx
INUM:     1662 PC: 0x067e REG: x VALUE: 0xxxxx
INUM:     1663 PC: 0x067f REG: x VALUE: 0xxxxx
INUM:     1664 PC: 0x0680 REG: x VALUE: 0xxxxx
INUM:     1665 PC: 0x0681 REG: x VALUE: 0xxxxx
INUM:     1666 PC: 0x0682 REG: x VALUE: 0xxxxx
INUM:     1667 PC: 0x0683 REG: x VALUE: 0xxxxx
INUM:     1668 PC: 0x0684 REG: x VALUE: 0xxxxx
INUM:     1669 PC: 0x0685 REG: x VALUE: 0xxxxx
INUM:     1670 PC: 0x0686 REG: x VALUE: 0xxxxx
INUM:     1671 PC: 0x0687 REG: x VALUE: 0xxxxx
INUM:     1672 PC: 0x0688 REG: x VALUE: 0xxxxx
